[2024-12-14 11:42:44] Server     INFO  Apache Jena Fuseki 4.6.1
[2024-12-14 11:42:44] Server     INFO  Configuration file: ../.fuseki.ttl
[2024-12-14 11:42:44] Server     INFO  Path = /tutorial2
[2024-12-14 11:42:44] Server     INFO  System
[2024-12-14 11:42:44] Server     INFO    Memory: 4.0 GiB
[2024-12-14 11:42:44] Server     INFO    Java:   17.0.8.1
[2024-12-14 11:42:44] Server     INFO    OS:     Mac OS X 11.7.7 x86_64
[2024-12-14 11:42:44] Server     INFO    PID:    31023
[2024-12-14 11:42:45] Server     INFO  Start Fuseki (http=3030)
[2024-12-14 11:42:54] Fuseki     INFO  [1] GET http://localhost:3030/tutorial2/sparql?query=select%20?g%20%7B%20graph%20?g%20%7B%20?o%20a%20%3Chttp://www.w3.org/2002/07/owl%23Ontology%3E%20%7D%20%7D
[2024-12-14 11:42:55] Fuseki     INFO  [1] Query = select ?g { graph ?g { ?o a <http://www.w3.org/2002/07/owl#Ontology> } }
[2024-12-14 11:42:55] Fuseki     INFO  [1] 200 OK (104 ms)
[2024-12-14 11:42:55] Fuseki     INFO  [2] PUT http://localhost:3030/tutorial2?graph=http://iso.org/iso-80000-4.1
[2024-12-14 11:42:55] Fuseki     INFO  [3] PUT http://localhost:3030/tutorial2?graph=http://iso.org/iso-1087-1
[2024-12-14 11:42:55] Fuseki     INFO  [4] PUT http://localhost:3030/tutorial2?graph=http://example.com/tutorial2/description/junctions
[2024-12-14 11:42:55] Fuseki     INFO  [5] PUT http://localhost:3030/tutorial2?graph=http://example.com/tutorial2/description/interfaces
[2024-12-14 11:42:55] Fuseki     INFO  [6] PUT http://localhost:3030/tutorial2?graph=http://example.com/tutorial2/description/components
[2024-12-14 11:42:55] Fuseki     INFO  [7] PUT http://localhost:3030/tutorial2?graph=http://example.com/tutorial2/description/bundle/individuals
[2024-12-14 11:42:55] Fuseki     INFO  [8] PUT http://localhost:3030/tutorial2?graph=http://example.com/tutorial2/vocabulary/bundle
[2024-12-14 11:42:55] Fuseki     INFO  [9] PUT http://localhost:3030/tutorial2?graph=http://example.com/tutorial2/description/requirements
[2024-12-14 11:42:55] Fuseki     INFO  [10] PUT http://localhost:3030/tutorial2?graph=http://example.com/tutorial2/vocabulary/mission
[2024-12-14 11:42:55] Fuseki     INFO  [11] PUT http://localhost:3030/tutorial2?graph=http://example.com/tutorial2/description/masses
[2024-12-14 11:42:55] Fuseki     INFO  [13] PUT http://localhost:3030/tutorial2?graph=http://iso.org/iso-80000-1
[2024-12-14 11:42:55] Fuseki     INFO  [12] PUT http://localhost:3030/tutorial2?graph=http://example.com/tutorial2/description/bundle
[2024-12-14 11:42:55] Fuseki     INFO  [14] PUT http://localhost:3030/tutorial2?graph=http://example.com/tutorial2/description/objectives
[2024-12-14 11:42:55] Fuseki     INFO  [15] PUT http://localhost:3030/tutorial2?graph=http://purl.org/dc/elements/1.1
[2024-12-14 11:42:55] Fuseki     INFO  [17] PUT http://localhost:3030/tutorial2?graph=http://example.com/tutorial2/description/missions
[2024-12-14 11:42:55] Fuseki     INFO  [16] PUT http://localhost:3030/tutorial2?graph=http://example.com/tutorial2/description/bundle/classes
[2024-12-14 11:42:55] Fuseki     INFO  [18] PUT http://localhost:3030/tutorial2?graph=http://example.com/tutorial2/description/bundle/properties
[2024-12-14 11:42:55] Fuseki     INFO  [2] Body: Content-Length=6321, Content-Type=application/rdf+xml, Charset=null => RDF/XML : Count=49 Triples=49 Quads=0
[2024-12-14 11:42:55] Fuseki     INFO  [2] 201 Created (326 ms)
[2024-12-14 11:42:55] Fuseki     INFO  [4] Body: Content-Length=4412, Content-Type=application/rdf+xml, Charset=null => RDF/XML : Count=25 Triples=25 Quads=0
[2024-12-14 11:42:55] Fuseki     INFO  [4] 201 Created (356 ms)
[2024-12-14 11:42:55] Fuseki     INFO  [19] PUT http://localhost:3030/tutorial2?graph=http://example.com/tutorial2/vocabulary/base
[2024-12-14 11:42:55] Fuseki     INFO  [3] Body: Content-Length=8315, Content-Type=application/rdf+xml, Charset=null => RDF/XML : Count=65 Triples=65 Quads=0
[2024-12-14 11:42:55] Fuseki     INFO  [3] 201 Created (430 ms)
[2024-12-14 11:42:55] Fuseki     INFO  [20] PUT http://localhost:3030/tutorial2?graph=http://bipm.org/jcgm/vim4
[2024-12-14 11:42:55] Fuseki     INFO  [5] Body: Content-Length=7633, Content-Type=application/rdf+xml, Charset=null => RDF/XML : Count=51 Triples=51 Quads=0
[2024-12-14 11:42:55] Fuseki     INFO  [5] 201 Created (457 ms)
[2024-12-14 11:42:55] Fuseki     INFO  [21] PUT http://localhost:3030/tutorial2?graph=http://example.com/tutorial2/vocabulary/mechanical
[2024-12-14 11:42:55] Fuseki     INFO  [6] Body: Content-Length=12378, Content-Type=application/rdf+xml, Charset=null => RDF/XML : Count=98 Triples=98 Quads=0
[2024-12-14 11:42:55] Fuseki     INFO  [6] 201 Created (506 ms)
[2024-12-14 11:42:55] Fuseki     INFO  [7] Body: Content-Length=77864, Content-Type=text/turtle, Charset=null => Turtle : Count=925 Triples=925 Quads=0
[2024-12-14 11:42:56] Fuseki     INFO  [7] 201 Created (709 ms)
[2024-12-14 11:42:56] Fuseki     INFO  [8] Body: Content-Length=27503, Content-Type=application/rdf+xml, Charset=null => RDF/XML : Count=244 Triples=244 Quads=0
[2024-12-14 11:42:56] Fuseki     INFO  [8] 201 Created (814 ms)
[2024-12-14 11:42:56] Fuseki     INFO  [9] Body: Content-Length=5137, Content-Type=application/rdf+xml, Charset=null => RDF/XML : Count=29 Triples=29 Quads=0
[2024-12-14 11:42:56] Fuseki     INFO  [9] 201 Created (830 ms)
[2024-12-14 11:42:56] Fuseki     INFO  [10] Body: Content-Length=41506, Content-Type=application/rdf+xml, Charset=null => RDF/XML : Count=373 Triples=373 Quads=0
[2024-12-14 11:42:56] Fuseki     INFO  [10] 201 Created (930 ms)
[2024-12-14 11:42:56] Fuseki     INFO  [11] Body: Content-Length=15625, Content-Type=application/rdf+xml, Charset=null => RDF/XML : Count=93 Triples=93 Quads=0
[2024-12-14 11:42:56] Fuseki     INFO  [11] 201 Created (938 ms)
[2024-12-14 11:42:56] Fuseki     INFO  [12] Body: Content-Length=1771, Content-Type=application/rdf+xml, Charset=null => RDF/XML : Count=12 Triples=12 Quads=0
[2024-12-14 11:42:56] Fuseki     INFO  [12] 201 Created (957 ms)
[2024-12-14 11:42:56] Fuseki     INFO  [13] Body: Content-Length=13742, Content-Type=application/rdf+xml, Charset=null => RDF/XML : Count=153 Triples=153 Quads=0
[2024-12-14 11:42:56] Fuseki     INFO  [13] 201 Created (1.007 s)
[2024-12-14 11:42:56] Fuseki     INFO  [14] Body: Content-Length=7249, Content-Type=application/rdf+xml, Charset=null => RDF/XML : Count=50 Triples=50 Quads=0
[2024-12-14 11:42:56] Fuseki     INFO  [14] 201 Created (1.030 s)
[2024-12-14 11:42:56] Fuseki     INFO  [15] Body: Content-Length=4083, Content-Type=application/rdf+xml, Charset=null => RDF/XML : Count=27 Triples=27 Quads=0
[2024-12-14 11:42:56] Fuseki     INFO  [15] 201 Created (1.054 s)
[2024-12-14 11:42:56] Fuseki     INFO  [17] Body: Content-Length=5432, Content-Type=application/rdf+xml, Charset=null => RDF/XML : Count=35 Triples=35 Quads=0
[2024-12-14 11:42:56] Fuseki     INFO  [17] 201 Created (1.079 s)
[2024-12-14 11:42:56] Fuseki     INFO  [16] Body: Content-Length=25620, Content-Type=text/turtle, Charset=null => Turtle : Count=371 Triples=371 Quads=0
[2024-12-14 11:42:56] Fuseki     INFO  [16] 201 Created (1.132 s)
[2024-12-14 11:42:56] Fuseki     INFO  [18] Body: Content-Length=19853, Content-Type=text/turtle, Charset=null => Turtle : Count=259 Triples=259 Quads=0
[2024-12-14 11:42:56] Fuseki     INFO  [18] 201 Created (1.178 s)
[2024-12-14 11:42:56] Fuseki     INFO  [19] Body: Content-Length=16985, Content-Type=application/rdf+xml, Charset=null => RDF/XML : Count=139 Triples=139 Quads=0
[2024-12-14 11:42:56] Fuseki     INFO  [19] 201 Created (930 ms)
[2024-12-14 11:42:56] Fuseki     INFO  [20] Body: Content-Length=190820, Content-Type=application/rdf+xml, Charset=null => RDF/XML : Count=1834 Triples=1834 Quads=0
[2024-12-14 11:42:56] Fuseki     INFO  [20] 201 Created (1.110 s)
[2024-12-14 11:42:56] Fuseki     INFO  [21] Body: Content-Length=3448, Content-Type=application/rdf+xml, Charset=null => RDF/XML : Count=28 Triples=28 Quads=0
[2024-12-14 11:42:56] Fuseki     INFO  [21] 201 Created (1.091 s)
[2024-12-14 11:42:57] Fuseki     INFO  [22] GET http://localhost:3030/tutorial2/sparql?query=PREFIX%20%20mission:%20%3Chttp://example.com/tutorial2/vocabulary/mission%23%3E%0APREFIX%20%20base:%20%3Chttp://example.com/tutorial2/vocabulary/base%23%3E%0A%0ASELECT%20DISTINCT%20%20?m_id%20?m_name%20?o_id%20?o_name%0AWHERE%0A%20%20%7B%20?m%20%20%20%20a%20%20%20%20%20%20%20%20%20%20%20%20%20%20%20%20%20%20%20%20%20mission:Mission%20%3B%0A%20%20%20%20%20%20%20%20%20%20base:hasIdentifier%20%20%20%20?m_id%20%3B%0A%20%20%20%20%20%20%20%20%20%20base:hasCanonicalName%20%20?m_name%20%3B%0A%20%20%20%20%20%20%20%20%20%20mission:pursues%20%20%20%20%20%20%20_:b0%20.%0A%20%20%20%20_:b0%20%20a%20%20%20%20%20%20%20%20%20%20%20%20%20%20%20%20%20%20%20%20%20mission:Objective%20%3B%0A%20%20%20%20%20%20%20%20%20%20base:hasIdentifier%20%20%20%20?o_id%20%3B%0A%20%20%20%20%20%20%20%20%20%20base:hasCanonicalName%20%20?o_name%0A%20%20%7D%0AORDER%20BY%20?m_id%20?o_id%0A
[2024-12-14 11:42:57] Fuseki     INFO  [22] Query = PREFIX  mission: <http://example.com/tutorial2/vocabulary/mission#> PREFIX  base: <http://example.com/tutorial2/vocabulary/base#>  SELECT DISTINCT  ?m_id ?m_name ?o_id ?o_name WHERE   { ?m    a                     mission:Mission ;           base:hasIdentifier    ?m_id ;           base:hasCanonicalName  ?m_name ;           mission:pursues       _:b0 .     _:b0  a                     mission:Objective ;           base:hasIdentifier    ?o_id ;           base:hasCanonicalName  ?o_name   } ORDER BY ?m_id ?o_id 
[2024-12-14 11:42:57] Fuseki     INFO  [23] GET http://localhost:3030/tutorial2/sparql?query=PREFIX%20%20mission:%20%3Chttp://example.com/tutorial2/vocabulary/mission%23%3E%0APREFIX%20%20vim4:%20%3Chttp://bipm.org/jcgm/vim4%23%3E%0APREFIX%20%20base:%20%3Chttp://example.com/tutorial2/vocabulary/base%23%3E%0A%0ASELECT%20DISTINCT%20%20?c1_id%20?c1_name%20?c1_mass%20?c2_id%20?c2_name%0AWHERE%0A%20%20%7B%20?c1%20%20a%20%20%20%20%20%20%20%20%20%20%20%20%20%20%20%20%20%20%20%20%20mission:Component%20%3B%0A%20%20%20%20%20%20%20%20%20base:hasIdentifier%20%20%20%20?c1_id%20%3B%0A%20%20%20%20%20%20%20%20%20base:hasCanonicalName%20%20?c1_name%0A%20%20%20%20OPTIONAL%0A%20%20%20%20%20%20%7B%20?c1%20%20base:isContainedIn%20%20%20%20?c2%20.%0A%20%20%20%20%20%20%20%20?c2%20%20base:hasIdentifier%20%20%20%20?c2_id%20%3B%0A%20%20%20%20%20%20%20%20%20%20%20%20%20base:hasCanonicalName%20%20?c2_name%0A%20%20%20%20%20%20%7D%0A%20%20%20%20OPTIONAL%0A%20%20%20%20%20%20%7B%20?c1_mass_mag%20%20vim4:characterizes%20%20?c1%20%3B%0A%20%20%20%20%20%20%20%20%20%20%20%20%20%20%20%20%20%20vim4:hasDoubleNumber%20%20?c1_mass%0A%20%20%20%20%20%20%7D%0A%20%20%7D%0AORDER%20BY%20?c1_id%20?c2_id%0A
[2024-12-14 11:42:57] Fuseki     INFO  [23] Query = PREFIX  mission: <http://example.com/tutorial2/vocabulary/mission#> PREFIX  vim4: <http://bipm.org/jcgm/vim4#> PREFIX  base: <http://example.com/tutorial2/vocabulary/base#>  SELECT DISTINCT  ?c1_id ?c1_name ?c1_mass ?c2_id ?c2_name WHERE   { ?c1  a                     mission:Component ;          base:hasIdentifier    ?c1_id ;          base:hasCanonicalName  ?c1_name     OPTIONAL       { ?c1  base:isContainedIn    ?c2 .         ?c2  base:hasIdentifier    ?c2_id ;              base:hasCanonicalName  ?c2_name       }     OPTIONAL       { ?c1_mass_mag  vim4:characterizes  ?c1 ;                   vim4:hasDoubleNumber  ?c1_mass       }   } ORDER BY ?c1_id ?c2_id 
[2024-12-14 11:42:57] Fuseki     INFO  [24] GET http://localhost:3030/tutorial2/sparql?query=PREFIX%20%20mission:%20%3Chttp://example.com/tutorial2/vocabulary/mission%23%3E%0APREFIX%20%20base:%20%3Chttp://example.com/tutorial2/vocabulary/base%23%3E%0A%0ASELECT%20DISTINCT%20%20?c1_name%20?c2_name%0AWHERE%0A%20%20%7B%20?c1%20%20%20a%20%20%20%20%20%20%20%20%20%20%20%20%20%20%20%20%20%20%20%20%20mission:Component%20%3B%0A%20%20%20%20%20%20%20%20%20%20base:hasCanonicalName%20%20?c1_name%20%3B%0A%20%20%20%20%20%20%20%20%20%20mission:connectsTo%20%20%20%20_:b0%20.%0A%20%20%20%20_:b0%20%20base:hasCanonicalName%20%20?c2_name%0A%20%20%7D%0AORDER%20BY%20?c1_name%20?c2_name%0A
[2024-12-14 11:42:57] Fuseki     INFO  [24] Query = PREFIX  mission: <http://example.com/tutorial2/vocabulary/mission#> PREFIX  base: <http://example.com/tutorial2/vocabulary/base#>  SELECT DISTINCT  ?c1_name ?c2_name WHERE   { ?c1   a                     mission:Component ;           base:hasCanonicalName  ?c1_name ;           mission:connectsTo    _:b0 .     _:b0  base:hasCanonicalName  ?c2_name   } ORDER BY ?c1_name ?c2_name 
[2024-12-14 11:42:57] Fuseki     INFO  [25] GET http://localhost:3030/tutorial2/sparql?query=PREFIX%20%20mission:%20%3Chttp://example.com/tutorial2/vocabulary/mission%23%3E%0APREFIX%20%20rdfs:%20%3Chttp://www.w3.org/2000/01/rdf-schema%23%3E%0APREFIX%20%20base:%20%3Chttp://example.com/tutorial2/vocabulary/base%23%3E%0APREFIX%20%20oml:%20%20%3Chttp://opencaesar.io/oml%23%3E%0A%0ASELECT%20DISTINCT%20%20?r_id%20?c_name%20?i_name%0AWHERE%0A%20%20%7B%20?r%20%20%20%20a%20%20%20%20%20%20%20%20%20%20%20%20%20%20%20%20%20%20%20%20%20mission:Requirement%20%3B%0A%20%20%20%20%20%20%20%20%20%20base:hasIdentifier%20%20%20%20?r_id%20%3B%0A%20%20%20%20%20%20%20%20%20%20mission:specifies%20%20%20%20%20_:b0%20.%0A%20%20%20%20_:b0%20%20a%20%20%20%20%20%20%20%20%20%20%20%20%20%20%20%20%20%20%20%20%20mission:Presents%20%3B%0A%20%20%20%20%20%20%20%20%20%20oml:hasSource%20%20%20%20%20%20%20%20%20_:b1%20.%0A%20%20%20%20_:b1%20%20base:hasCanonicalName%20%20?c_name%20.%0A%20%20%20%20_:b0%20%20oml:hasTarget%20%20%20%20%20%20%20%20%20_:b2%20.%0A%20%20%20%20_:b2%20%20base:hasCanonicalName%20%20?i_name%0A%20%20%7D%0AORDER%20BY%20?r_id%20?c_name%20?i_name%0A
[2024-12-14 11:42:57] Fuseki     INFO  [25] Query = PREFIX  mission: <http://example.com/tutorial2/vocabulary/mission#> PREFIX  rdfs: <http://www.w3.org/2000/01/rdf-schema#> PREFIX  base: <http://example.com/tutorial2/vocabulary/base#> PREFIX  oml:  <http://opencaesar.io/oml#>  SELECT DISTINCT  ?r_id ?c_name ?i_name WHERE   { ?r    a                     mission:Requirement ;           base:hasIdentifier    ?r_id ;           mission:specifies     _:b0 .     _:b0  a                     mission:Presents ;           oml:hasSource         _:b1 .     _:b1  base:hasCanonicalName  ?c_name .     _:b0  oml:hasTarget         _:b2 .     _:b2  base:hasCanonicalName  ?i_name   } ORDER BY ?r_id ?c_name ?i_name 
[2024-12-14 11:42:57] Fuseki     INFO  [26] GET http://localhost:3030/tutorial2/sparql?query=PREFIX%20%20mission:%20%3Chttp://example.com/tutorial2/vocabulary/mission%23%3E%0APREFIX%20%20base:%20%3Chttp://example.com/tutorial2/vocabulary/base%23%3E%0A%0ASELECT%20DISTINCT%20%20?o1_id%20?o1_name%20?o2_id%20?o2_name%0AWHERE%0A%20%20%7B%20?o1%20%20%20a%20%20%20%20%20%20%20%20%20%20%20%20%20%20%20%20%20%20%20%20%20mission:Objective%20%3B%0A%20%20%20%20%20%20%20%20%20%20base:hasIdentifier%20%20%20%20?o1_id%20%3B%0A%20%20%20%20%20%20%20%20%20%20base:hasCanonicalName%20%20?o1_name%20%3B%0A%20%20%20%20%20%20%20%20%20%20base:aggregates%20%20%20%20%20%20%20_:b0%20.%0A%20%20%20%20_:b0%20%20base:hasIdentifier%20%20%20%20?o2_id%20%3B%0A%20%20%20%20%20%20%20%20%20%20base:hasCanonicalName%20%20?o2_name%0A%20%20%7D%0AORDER%20BY%20?o1_id%20?o2_id%0A
[2024-12-14 11:42:57] Fuseki     INFO  [26] Query = PREFIX  mission: <http://example.com/tutorial2/vocabulary/mission#> PREFIX  base: <http://example.com/tutorial2/vocabulary/base#>  SELECT DISTINCT  ?o1_id ?o1_name ?o2_id ?o2_name WHERE   { ?o1   a                     mission:Objective ;           base:hasIdentifier    ?o1_id ;           base:hasCanonicalName  ?o1_name ;           base:aggregates       _:b0 .     _:b0  base:hasIdentifier    ?o2_id ;           base:hasCanonicalName  ?o2_name   } ORDER BY ?o1_id ?o2_id 
[2024-12-14 11:42:57] Fuseki     INFO  [26] 200 OK (119 ms)
[2024-12-14 11:42:57] Fuseki     INFO  [25] 200 OK (125 ms)
[2024-12-14 11:42:57] Fuseki     INFO  [24] 200 OK (130 ms)
[2024-12-14 11:42:57] Fuseki     INFO  [22] 200 OK (140 ms)
[2024-12-14 11:42:57] Fuseki     INFO  [23] 200 OK (138 ms)
[2024-12-14 12:18:54] Fuseki     INFO  [27] GET http://localhost:3030/tutorial2/sparql?query=select%20?g%20%7B%20graph%20?g%20%7B%20?o%20a%20%3Chttp://www.w3.org/2002/07/owl%23Ontology%3E%20%7D%20%7D
[2024-12-14 12:18:54] Fuseki     INFO  [27] Query = select ?g { graph ?g { ?o a <http://www.w3.org/2002/07/owl#Ontology> } }
[2024-12-14 12:18:54] Fuseki     INFO  [27] 200 OK (18 ms)
[2024-12-14 12:18:54] Fuseki     INFO  [28] PUT http://localhost:3030/tutorial2?graph=http://example.com/tutorial2/description/bundle/classes
[2024-12-14 12:18:54] Fuseki     INFO  [29] PUT http://localhost:3030/tutorial2?graph=http://example.com/tutorial2/description/bundle/individuals
[2024-12-14 12:18:54] Fuseki     INFO  [30] PUT http://localhost:3030/tutorial2?graph=http://example.com/tutorial2/description/bundle/properties
[2024-12-14 12:18:54] Fuseki     INFO  [28] Body: Content-Length=25620, Content-Type=text/turtle, Charset=null => Turtle : Count=371 Triples=371 Quads=0
[2024-12-14 12:18:54] Fuseki     INFO  [28] 200 OK (83 ms)
[2024-12-14 12:18:55] Fuseki     INFO  [29] Body: Content-Length=77864, Content-Type=text/turtle, Charset=null => Turtle : Count=925 Triples=925 Quads=0
[2024-12-14 12:18:55] Fuseki     INFO  [29] 200 OK (214 ms)
[2024-12-14 12:18:55] Fuseki     INFO  [30] Body: Content-Length=19853, Content-Type=text/turtle, Charset=null => Turtle : Count=259 Triples=259 Quads=0
[2024-12-14 12:18:55] Fuseki     INFO  [30] 200 OK (268 ms)
[2024-12-14 12:18:55] Fuseki     INFO  [31] GET http://localhost:3030/tutorial2/sparql?query=PREFIX%20%20mission:%20%3Chttp://example.com/tutorial2/vocabulary/mission%23%3E%0APREFIX%20%20vim4:%20%3Chttp://bipm.org/jcgm/vim4%23%3E%0APREFIX%20%20base:%20%3Chttp://example.com/tutorial2/vocabulary/base%23%3E%0A%0ASELECT%20DISTINCT%20%20?c1_id%20?c1_name%20?c1_mass%20?c2_id%20?c2_name%0AWHERE%0A%20%20%7B%20?c1%20%20a%20%20%20%20%20%20%20%20%20%20%20%20%20%20%20%20%20%20%20%20%20mission:Component%20%3B%0A%20%20%20%20%20%20%20%20%20base:hasIdentifier%20%20%20%20?c1_id%20%3B%0A%20%20%20%20%20%20%20%20%20base:hasCanonicalName%20%20?c1_name%0A%20%20%20%20OPTIONAL%0A%20%20%20%20%20%20%7B%20?c1%20%20base:isContainedIn%20%20%20%20?c2%20.%0A%20%20%20%20%20%20%20%20?c2%20%20base:hasIdentifier%20%20%20%20?c2_id%20%3B%0A%20%20%20%20%20%20%20%20%20%20%20%20%20base:hasCanonicalName%20%20?c2_name%0A%20%20%20%20%20%20%7D%0A%20%20%20%20OPTIONAL%0A%20%20%20%20%20%20%7B%20?c1_mass_mag%20%20vim4:characterizes%20%20?c1%20%3B%0A%20%20%20%20%20%20%20%20%20%20%20%20%20%20%20%20%20%20vim4:hasDoubleNumber%20%20?c1_mass%0A%20%20%20%20%20%20%7D%0A%20%20%7D%0AORDER%20BY%20?c1_id%20?c2_id%0A
[2024-12-14 12:18:55] Fuseki     INFO  [31] Query = PREFIX  mission: <http://example.com/tutorial2/vocabulary/mission#> PREFIX  vim4: <http://bipm.org/jcgm/vim4#> PREFIX  base: <http://example.com/tutorial2/vocabulary/base#>  SELECT DISTINCT  ?c1_id ?c1_name ?c1_mass ?c2_id ?c2_name WHERE   { ?c1  a                     mission:Component ;          base:hasIdentifier    ?c1_id ;          base:hasCanonicalName  ?c1_name     OPTIONAL       { ?c1  base:isContainedIn    ?c2 .         ?c2  base:hasIdentifier    ?c2_id ;              base:hasCanonicalName  ?c2_name       }     OPTIONAL       { ?c1_mass_mag  vim4:characterizes  ?c1 ;                   vim4:hasDoubleNumber  ?c1_mass       }   } ORDER BY ?c1_id ?c2_id 
[2024-12-14 12:18:55] Fuseki     INFO  [32] GET http://localhost:3030/tutorial2/sparql?query=PREFIX%20%20mission:%20%3Chttp://example.com/tutorial2/vocabulary/mission%23%3E%0APREFIX%20%20base:%20%3Chttp://example.com/tutorial2/vocabulary/base%23%3E%0A%0ASELECT%20DISTINCT%20%20?m_id%20?m_name%20?o_id%20?o_name%0AWHERE%0A%20%20%7B%20?m%20%20%20%20a%20%20%20%20%20%20%20%20%20%20%20%20%20%20%20%20%20%20%20%20%20mission:Mission%20%3B%0A%20%20%20%20%20%20%20%20%20%20base:hasIdentifier%20%20%20%20?m_id%20%3B%0A%20%20%20%20%20%20%20%20%20%20base:hasCanonicalName%20%20?m_name%20%3B%0A%20%20%20%20%20%20%20%20%20%20mission:pursues%20%20%20%20%20%20%20_:b0%20.%0A%20%20%20%20_:b0%20%20a%20%20%20%20%20%20%20%20%20%20%20%20%20%20%20%20%20%20%20%20%20mission:Objective%20%3B%0A%20%20%20%20%20%20%20%20%20%20base:hasIdentifier%20%20%20%20?o_id%20%3B%0A%20%20%20%20%20%20%20%20%20%20base:hasCanonicalName%20%20?o_name%0A%20%20%7D%0AORDER%20BY%20?m_id%20?o_id%0A
[2024-12-14 12:18:55] Fuseki     INFO  [33] GET http://localhost:3030/tutorial2/sparql?query=PREFIX%20%20mission:%20%3Chttp://example.com/tutorial2/vocabulary/mission%23%3E%0APREFIX%20%20base:%20%3Chttp://example.com/tutorial2/vocabulary/base%23%3E%0A%0ASELECT%20DISTINCT%20%20?o1_id%20?o1_name%20?o2_id%20?o2_name%0AWHERE%0A%20%20%7B%20?o1%20%20%20a%20%20%20%20%20%20%20%20%20%20%20%20%20%20%20%20%20%20%20%20%20mission:Objective%20%3B%0A%20%20%20%20%20%20%20%20%20%20base:hasIdentifier%20%20%20%20?o1_id%20%3B%0A%20%20%20%20%20%20%20%20%20%20base:hasCanonicalName%20%20?o1_name%20%3B%0A%20%20%20%20%20%20%20%20%20%20base:aggregates%20%20%20%20%20%20%20_:b0%20.%0A%20%20%20%20_:b0%20%20base:hasIdentifier%20%20%20%20?o2_id%20%3B%0A%20%20%20%20%20%20%20%20%20%20base:hasCanonicalName%20%20?o2_name%0A%20%20%7D%0AORDER%20BY%20?o1_id%20?o2_id%0A
[2024-12-14 12:18:55] Fuseki     INFO  [33] Query = PREFIX  mission: <http://example.com/tutorial2/vocabulary/mission#> PREFIX  base: <http://example.com/tutorial2/vocabulary/base#>  SELECT DISTINCT  ?o1_id ?o1_name ?o2_id ?o2_name WHERE   { ?o1   a                     mission:Objective ;           base:hasIdentifier    ?o1_id ;           base:hasCanonicalName  ?o1_name ;           base:aggregates       _:b0 .     _:b0  base:hasIdentifier    ?o2_id ;           base:hasCanonicalName  ?o2_name   } ORDER BY ?o1_id ?o2_id 
[2024-12-14 12:18:55] Fuseki     INFO  [32] Query = PREFIX  mission: <http://example.com/tutorial2/vocabulary/mission#> PREFIX  base: <http://example.com/tutorial2/vocabulary/base#>  SELECT DISTINCT  ?m_id ?m_name ?o_id ?o_name WHERE   { ?m    a                     mission:Mission ;           base:hasIdentifier    ?m_id ;           base:hasCanonicalName  ?m_name ;           mission:pursues       _:b0 .     _:b0  a                     mission:Objective ;           base:hasIdentifier    ?o_id ;           base:hasCanonicalName  ?o_name   } ORDER BY ?m_id ?o_id 
[2024-12-14 12:18:55] Fuseki     INFO  [34] GET http://localhost:3030/tutorial2/sparql?query=PREFIX%20%20mission:%20%3Chttp://example.com/tutorial2/vocabulary/mission%23%3E%0APREFIX%20%20base:%20%3Chttp://example.com/tutorial2/vocabulary/base%23%3E%0A%0ASELECT%20DISTINCT%20%20?c1_name%20?c2_name%0AWHERE%0A%20%20%7B%20?c1%20%20%20a%20%20%20%20%20%20%20%20%20%20%20%20%20%20%20%20%20%20%20%20%20mission:Component%20%3B%0A%20%20%20%20%20%20%20%20%20%20base:hasCanonicalName%20%20?c1_name%20%3B%0A%20%20%20%20%20%20%20%20%20%20mission:connectsTo%20%20%20%20_:b0%20.%0A%20%20%20%20_:b0%20%20base:hasCanonicalName%20%20?c2_name%0A%20%20%7D%0AORDER%20BY%20?c1_name%20?c2_name%0A
[2024-12-14 12:18:55] Fuseki     INFO  [35] GET http://localhost:3030/tutorial2/sparql?query=PREFIX%20%20mission:%20%3Chttp://example.com/tutorial2/vocabulary/mission%23%3E%0APREFIX%20%20rdfs:%20%3Chttp://www.w3.org/2000/01/rdf-schema%23%3E%0APREFIX%20%20base:%20%3Chttp://example.com/tutorial2/vocabulary/base%23%3E%0APREFIX%20%20oml:%20%20%3Chttp://opencaesar.io/oml%23%3E%0A%0ASELECT%20DISTINCT%20%20?r_id%20?c_name%20?i_name%0AWHERE%0A%20%20%7B%20?r%20%20%20%20a%20%20%20%20%20%20%20%20%20%20%20%20%20%20%20%20%20%20%20%20%20mission:Requirement%20%3B%0A%20%20%20%20%20%20%20%20%20%20base:hasIdentifier%20%20%20%20?r_id%20%3B%0A%20%20%20%20%20%20%20%20%20%20mission:specifies%20%20%20%20%20_:b0%20.%0A%20%20%20%20_:b0%20%20a%20%20%20%20%20%20%20%20%20%20%20%20%20%20%20%20%20%20%20%20%20mission:Presents%20%3B%0A%20%20%20%20%20%20%20%20%20%20oml:hasSource%20%20%20%20%20%20%20%20%20_:b1%20.%0A%20%20%20%20_:b1%20%20base:hasCanonicalName%20%20?c_name%20.%0A%20%20%20%20_:b0%20%20oml:hasTarget%20%20%20%20%20%20%20%20%20_:b2%20.%0A%20%20%20%20_:b2%20%20base:hasCanonicalName%20%20?i_name%0A%20%20%7D%0AORDER%20BY%20?r_id%20?c_name%20?i_name%0A
[2024-12-14 12:18:55] Fuseki     INFO  [34] Query = PREFIX  mission: <http://example.com/tutorial2/vocabulary/mission#> PREFIX  base: <http://example.com/tutorial2/vocabulary/base#>  SELECT DISTINCT  ?c1_name ?c2_name WHERE   { ?c1   a                     mission:Component ;           base:hasCanonicalName  ?c1_name ;           mission:connectsTo    _:b0 .     _:b0  base:hasCanonicalName  ?c2_name   } ORDER BY ?c1_name ?c2_name 
[2024-12-14 12:18:55] Fuseki     INFO  [35] Query = PREFIX  mission: <http://example.com/tutorial2/vocabulary/mission#> PREFIX  rdfs: <http://www.w3.org/2000/01/rdf-schema#> PREFIX  base: <http://example.com/tutorial2/vocabulary/base#> PREFIX  oml:  <http://opencaesar.io/oml#>  SELECT DISTINCT  ?r_id ?c_name ?i_name WHERE   { ?r    a                     mission:Requirement ;           base:hasIdentifier    ?r_id ;           mission:specifies     _:b0 .     _:b0  a                     mission:Presents ;           oml:hasSource         _:b1 .     _:b1  base:hasCanonicalName  ?c_name .     _:b0  oml:hasTarget         _:b2 .     _:b2  base:hasCanonicalName  ?i_name   } ORDER BY ?r_id ?c_name ?i_name 
[2024-12-14 12:18:55] Fuseki     INFO  [34] 200 OK (13 ms)
[2024-12-14 12:18:55] Fuseki     INFO  [33] 200 OK (16 ms)
[2024-12-14 12:18:55] Fuseki     INFO  [35] 200 OK (15 ms)
[2024-12-14 12:18:55] Fuseki     INFO  [32] 200 OK (27 ms)
[2024-12-14 12:18:55] Fuseki     INFO  [31] 200 OK (59 ms)
[2024-12-14 12:20:47] Fuseki     INFO  [36] GET http://localhost:3030/tutorial2/sparql?query=select%20?g%20%7B%20graph%20?g%20%7B%20?o%20a%20%3Chttp://www.w3.org/2002/07/owl%23Ontology%3E%20%7D%20%7D
[2024-12-14 12:20:47] Fuseki     INFO  [36] Query = select ?g { graph ?g { ?o a <http://www.w3.org/2002/07/owl#Ontology> } }
[2024-12-14 12:20:47] Fuseki     INFO  [36] 200 OK (10 ms)
[2024-12-14 12:20:47] Fuseki     INFO  [37] PUT http://localhost:3030/tutorial2?graph=http://example.com/tutorial2/description/junctions
[2024-12-14 12:20:47] Fuseki     INFO  [38] PUT http://localhost:3030/tutorial2?graph=http://example.com/tutorial2/description/bundle/individuals
[2024-12-14 12:20:47] Fuseki     INFO  [39] PUT http://localhost:3030/tutorial2?graph=http://example.com/tutorial2/description/masses
[2024-12-14 12:20:47] Fuseki     INFO  [40] PUT http://localhost:3030/tutorial2?graph=http://iso.org/iso-1087-1
[2024-12-14 12:20:47] Fuseki     INFO  [41] PUT http://localhost:3030/tutorial2?graph=http://purl.org/dc/elements/1.1
[2024-12-14 12:20:47] Fuseki     INFO  [42] PUT http://localhost:3030/tutorial2?graph=http://example.com/tutorial2/description/missions
[2024-12-14 12:20:47] Fuseki     INFO  [43] PUT http://localhost:3030/tutorial2?graph=http://example.com/tutorial2/description/interfaces
[2024-12-14 12:20:47] Fuseki     INFO  [44] PUT http://localhost:3030/tutorial2?graph=http://example.com/tutorial2/vocabulary/mission
[2024-12-14 12:20:47] Fuseki     INFO  [45] PUT http://localhost:3030/tutorial2?graph=http://example.com/tutorial2/description/components
[2024-12-14 12:20:48] Fuseki     INFO  [46] PUT http://localhost:3030/tutorial2?graph=http://example.com/tutorial2/description/requirements
[2024-12-14 12:20:48] Fuseki     INFO  [47] PUT http://localhost:3030/tutorial2?graph=http://example.com/tutorial2/description/objectives
[2024-12-14 12:20:48] Fuseki     INFO  [48] PUT http://localhost:3030/tutorial2?graph=http://example.com/tutorial2/vocabulary/base
[2024-12-14 12:20:48] Fuseki     INFO  [49] PUT http://localhost:3030/tutorial2?graph=http://iso.org/iso-80000-1
[2024-12-14 12:20:48] Fuseki     INFO  [37] Body: Content-Length=4412, Content-Type=application/rdf+xml, Charset=null => RDF/XML : Count=25 Triples=25 Quads=0
[2024-12-14 12:20:48] Fuseki     INFO  [37] 200 OK (55 ms)
[2024-12-14 12:20:48] Fuseki     INFO  [50] PUT http://localhost:3030/tutorial2?graph=http://example.com/tutorial2/description/bundle/properties
[2024-12-14 12:20:48] Fuseki     INFO  [52] PUT http://localhost:3030/tutorial2?graph=http://bipm.org/jcgm/vim4
[2024-12-14 12:20:48] Fuseki     INFO  [51] PUT http://localhost:3030/tutorial2?graph=http://example.com/tutorial2/vocabulary/bundle
[2024-12-14 12:20:48] Fuseki     INFO  [53] PUT http://localhost:3030/tutorial2?graph=http://example.com/tutorial2/description/bundle/classes
[2024-12-14 12:20:48] Fuseki     INFO  [54] PUT http://localhost:3030/tutorial2?graph=http://example.com/tutorial2/vocabulary/mechanical
[2024-12-14 12:20:48] Fuseki     INFO  [55] PUT http://localhost:3030/tutorial2?graph=http://example.com/tutorial2/description/bundle
[2024-12-14 12:20:48] Fuseki     INFO  [38] Body: Content-Length=77864, Content-Type=text/turtle, Charset=null => Turtle : Count=925 Triples=925 Quads=0
[2024-12-14 12:20:48] Fuseki     INFO  [38] 200 OK (149 ms)
[2024-12-14 12:20:48] Fuseki     INFO  [39] Body: Content-Length=15625, Content-Type=application/rdf+xml, Charset=null => RDF/XML : Count=93 Triples=93 Quads=0
[2024-12-14 12:20:48] Fuseki     INFO  [39] 200 OK (171 ms)
[2024-12-14 12:20:48] Fuseki     INFO  [40] Body: Content-Length=8315, Content-Type=application/rdf+xml, Charset=null => RDF/XML : Count=65 Triples=65 Quads=0
[2024-12-14 12:20:48] Fuseki     INFO  [40] 200 OK (193 ms)
[2024-12-14 12:20:48] Fuseki     INFO  [56] PUT http://localhost:3030/tutorial2?graph=http://iso.org/iso-80000-4.1
[2024-12-14 12:20:48] Fuseki     INFO  [41] Body: Content-Length=4083, Content-Type=application/rdf+xml, Charset=null => RDF/XML : Count=27 Triples=27 Quads=0
[2024-12-14 12:20:48] Fuseki     INFO  [41] 200 OK (203 ms)
[2024-12-14 12:20:48] Fuseki     INFO  [43] Body: Content-Length=7633, Content-Type=application/rdf+xml, Charset=null => RDF/XML : Count=51 Triples=51 Quads=0
[2024-12-14 12:20:48] Fuseki     INFO  [43] 200 OK (219 ms)
[2024-12-14 12:20:48] Fuseki     INFO  [42] Body: Content-Length=5432, Content-Type=application/rdf+xml, Charset=null => RDF/XML : Count=35 Triples=35 Quads=0
[2024-12-14 12:20:48] Fuseki     INFO  [42] 200 OK (237 ms)
[2024-12-14 12:20:48] Fuseki     INFO  [44] Body: Content-Length=41506, Content-Type=application/rdf+xml, Charset=null => RDF/XML : Count=373 Triples=373 Quads=0
[2024-12-14 12:20:48] Fuseki     INFO  [44] 200 OK (306 ms)
[2024-12-14 12:20:48] Fuseki     INFO  [45] Body: Content-Length=12378, Content-Type=application/rdf+xml, Charset=null => RDF/XML : Count=98 Triples=98 Quads=0
[2024-12-14 12:20:48] Fuseki     INFO  [45] 200 OK (327 ms)
[2024-12-14 12:20:48] Fuseki     INFO  [47] Body: Content-Length=7249, Content-Type=application/rdf+xml, Charset=null => RDF/XML : Count=50 Triples=50 Quads=0
[2024-12-14 12:20:48] Fuseki     INFO  [47] 200 OK (331 ms)
[2024-12-14 12:20:48] Fuseki     INFO  [46] Body: Content-Length=5137, Content-Type=application/rdf+xml, Charset=null => RDF/XML : Count=29 Triples=29 Quads=0
[2024-12-14 12:20:48] Fuseki     INFO  [46] 200 OK (347 ms)
[2024-12-14 12:20:48] Fuseki     INFO  [48] Body: Content-Length=16985, Content-Type=application/rdf+xml, Charset=null => RDF/XML : Count=139 Triples=139 Quads=0
[2024-12-14 12:20:48] Fuseki     INFO  [48] 200 OK (365 ms)
[2024-12-14 12:20:48] Fuseki     INFO  [49] Body: Content-Length=13742, Content-Type=application/rdf+xml, Charset=null => RDF/XML : Count=153 Triples=153 Quads=0
[2024-12-14 12:20:48] Fuseki     INFO  [49] 200 OK (391 ms)
[2024-12-14 12:20:48] Fuseki     INFO  [50] Body: Content-Length=19853, Content-Type=text/turtle, Charset=null => Turtle : Count=259 Triples=259 Quads=0
[2024-12-14 12:20:48] Fuseki     INFO  [50] 200 OK (413 ms)
[2024-12-14 12:20:48] Fuseki     INFO  [52] Body: Content-Length=190820, Content-Type=application/rdf+xml, Charset=null => RDF/XML : Count=1834 Triples=1834 Quads=0
[2024-12-14 12:20:48] Fuseki     INFO  [52] 200 OK (666 ms)
[2024-12-14 12:20:48] Fuseki     INFO  [51] Body: Content-Length=27503, Content-Type=application/rdf+xml, Charset=null => RDF/XML : Count=244 Triples=244 Quads=0
[2024-12-14 12:20:48] Fuseki     INFO  [51] 200 OK (709 ms)
[2024-12-14 12:20:48] Fuseki     INFO  [53] Body: Content-Length=25620, Content-Type=text/turtle, Charset=null => Turtle : Count=371 Triples=371 Quads=0
[2024-12-14 12:20:48] Fuseki     INFO  [53] 200 OK (775 ms)
[2024-12-14 12:20:48] Fuseki     INFO  [54] Body: Content-Length=3448, Content-Type=application/rdf+xml, Charset=null => RDF/XML : Count=28 Triples=28 Quads=0
[2024-12-14 12:20:48] Fuseki     INFO  [54] 200 OK (783 ms)
[2024-12-14 12:20:48] Fuseki     INFO  [55] Body: Content-Length=1771, Content-Type=application/rdf+xml, Charset=null => RDF/XML : Count=12 Triples=12 Quads=0
[2024-12-14 12:20:48] Fuseki     INFO  [55] 200 OK (783 ms)
[2024-12-14 12:20:48] Fuseki     INFO  [56] Body: Content-Length=6321, Content-Type=application/rdf+xml, Charset=null => RDF/XML : Count=49 Triples=49 Quads=0
[2024-12-14 12:20:48] Fuseki     INFO  [56] 200 OK (675 ms)
[2024-12-14 12:20:48] Fuseki     INFO  [57] GET http://localhost:3030/tutorial2/sparql?query=PREFIX%20%20mission:%20%3Chttp://example.com/tutorial2/vocabulary/mission%23%3E%0APREFIX%20%20base:%20%3Chttp://example.com/tutorial2/vocabulary/base%23%3E%0A%0ASELECT%20DISTINCT%20%20?m_id%20?m_name%20?o_id%20?o_name%0AWHERE%0A%20%20%7B%20?m%20%20%20%20a%20%20%20%20%20%20%20%20%20%20%20%20%20%20%20%20%20%20%20%20%20mission:Mission%20%3B%0A%20%20%20%20%20%20%20%20%20%20base:hasIdentifier%20%20%20%20?m_id%20%3B%0A%20%20%20%20%20%20%20%20%20%20base:hasCanonicalName%20%20?m_name%20%3B%0A%20%20%20%20%20%20%20%20%20%20mission:pursues%20%20%20%20%20%20%20_:b0%20.%0A%20%20%20%20_:b0%20%20a%20%20%20%20%20%20%20%20%20%20%20%20%20%20%20%20%20%20%20%20%20mission:Objective%20%3B%0A%20%20%20%20%20%20%20%20%20%20base:hasIdentifier%20%20%20%20?o_id%20%3B%0A%20%20%20%20%20%20%20%20%20%20base:hasCanonicalName%20%20?o_name%0A%20%20%7D%0AORDER%20BY%20?m_id%20?o_id%0A
[2024-12-14 12:20:48] Fuseki     INFO  [57] Query = PREFIX  mission: <http://example.com/tutorial2/vocabulary/mission#> PREFIX  base: <http://example.com/tutorial2/vocabulary/base#>  SELECT DISTINCT  ?m_id ?m_name ?o_id ?o_name WHERE   { ?m    a                     mission:Mission ;           base:hasIdentifier    ?m_id ;           base:hasCanonicalName  ?m_name ;           mission:pursues       _:b0 .     _:b0  a                     mission:Objective ;           base:hasIdentifier    ?o_id ;           base:hasCanonicalName  ?o_name   } ORDER BY ?m_id ?o_id 
[2024-12-14 12:20:48] Fuseki     INFO  [58] GET http://localhost:3030/tutorial2/sparql?query=PREFIX%20%20mission:%20%3Chttp://example.com/tutorial2/vocabulary/mission%23%3E%0APREFIX%20%20rdfs:%20%3Chttp://www.w3.org/2000/01/rdf-schema%23%3E%0APREFIX%20%20base:%20%3Chttp://example.com/tutorial2/vocabulary/base%23%3E%0APREFIX%20%20oml:%20%20%3Chttp://opencaesar.io/oml%23%3E%0A%0ASELECT%20DISTINCT%20%20?r_id%20?c_name%20?i_name%0AWHERE%0A%20%20%7B%20?r%20%20%20%20a%20%20%20%20%20%20%20%20%20%20%20%20%20%20%20%20%20%20%20%20%20mission:Requirement%20%3B%0A%20%20%20%20%20%20%20%20%20%20base:hasIdentifier%20%20%20%20?r_id%20%3B%0A%20%20%20%20%20%20%20%20%20%20mission:specifies%20%20%20%20%20_:b0%20.%0A%20%20%20%20_:b0%20%20a%20%20%20%20%20%20%20%20%20%20%20%20%20%20%20%20%20%20%20%20%20mission:Presents%20%3B%0A%20%20%20%20%20%20%20%20%20%20oml:hasSource%20%20%20%20%20%20%20%20%20_:b1%20.%0A%20%20%20%20_:b1%20%20base:hasCanonicalName%20%20?c_name%20.%0A%20%20%20%20_:b0%20%20oml:hasTarget%20%20%20%20%20%20%20%20%20_:b2%20.%0A%20%20%20%20_:b2%20%20base:hasCanonicalName%20%20?i_name%0A%20%20%7D%0AORDER%20BY%20?r_id%20?c_name%20?i_name%0A
[2024-12-14 12:20:48] Fuseki     INFO  [58] Query = PREFIX  mission: <http://example.com/tutorial2/vocabulary/mission#> PREFIX  rdfs: <http://www.w3.org/2000/01/rdf-schema#> PREFIX  base: <http://example.com/tutorial2/vocabulary/base#> PREFIX  oml:  <http://opencaesar.io/oml#>  SELECT DISTINCT  ?r_id ?c_name ?i_name WHERE   { ?r    a                     mission:Requirement ;           base:hasIdentifier    ?r_id ;           mission:specifies     _:b0 .     _:b0  a                     mission:Presents ;           oml:hasSource         _:b1 .     _:b1  base:hasCanonicalName  ?c_name .     _:b0  oml:hasTarget         _:b2 .     _:b2  base:hasCanonicalName  ?i_name   } ORDER BY ?r_id ?c_name ?i_name 
[2024-12-14 12:20:48] Fuseki     INFO  [59] GET http://localhost:3030/tutorial2/sparql?query=PREFIX%20%20vim4:%20%3Chttp://bipm.org/jcgm/vim4%23%3E%0APREFIX%20%20mission:%20%3Chttp://example.com/tutorial2/vocabulary/mission%23%3E%0APREFIX%20%20base:%20%3Chttp://example.com/tutorial2/vocabulary/base%23%3E%0A%0ASELECT%20DISTINCT%20%20?c1_id%20?c1_name%20?c1_mass%20?c2_id%20?c2_name%0AWHERE%0A%20%20%7B%20?c1%20%20a%20%20%20%20%20%20%20%20%20%20%20%20%20%20%20%20%20%20%20%20%20mission:Component%20%3B%0A%20%20%20%20%20%20%20%20%20base:hasIdentifier%20%20%20%20?c1_id%20%3B%0A%20%20%20%20%20%20%20%20%20base:hasCanonicalName%20%20?c1_name%0A%20%20%20%20OPTIONAL%0A%20%20%20%20%20%20%7B%20?c1%20%20base:isContainedIn%20%20%20%20?c2%20.%0A%20%20%20%20%20%20%20%20?c2%20%20base:hasIdentifier%20%20%20%20?c2_id%20%3B%0A%20%20%20%20%20%20%20%20%20%20%20%20%20base:hasCanonicalName%20%20?c2_name%0A%20%20%20%20%20%20%7D%0A%20%20%20%20OPTIONAL%0A%20%20%20%20%20%20%7B%20?c1_mass_mag%20%20vim4:characterizes%20%20?c1%20%3B%0A%20%20%20%20%20%20%20%20%20%20%20%20%20%20%20%20%20%20vim4:hasDoubleNumber%20%20?c1_mass%0A%20%20%20%20%20%20%7D%0A%20%20%7D%0AORDER%20BY%20?c1_id%20?c2_id%0A
[2024-12-14 12:20:48] Fuseki     INFO  [59] Query = PREFIX  vim4: <http://bipm.org/jcgm/vim4#> PREFIX  mission: <http://example.com/tutorial2/vocabulary/mission#> PREFIX  base: <http://example.com/tutorial2/vocabulary/base#>  SELECT DISTINCT  ?c1_id ?c1_name ?c1_mass ?c2_id ?c2_name WHERE   { ?c1  a                     mission:Component ;          base:hasIdentifier    ?c1_id ;          base:hasCanonicalName  ?c1_name     OPTIONAL       { ?c1  base:isContainedIn    ?c2 .         ?c2  base:hasIdentifier    ?c2_id ;              base:hasCanonicalName  ?c2_name       }     OPTIONAL       { ?c1_mass_mag  vim4:characterizes  ?c1 ;                   vim4:hasDoubleNumber  ?c1_mass       }   } ORDER BY ?c1_id ?c2_id 
[2024-12-14 12:20:48] Fuseki     INFO  [60] GET http://localhost:3030/tutorial2/sparql?query=PREFIX%20%20mission:%20%3Chttp://example.com/tutorial2/vocabulary/mission%23%3E%0APREFIX%20%20base:%20%3Chttp://example.com/tutorial2/vocabulary/base%23%3E%0A%0ASELECT%20DISTINCT%20%20?c1_name%20?c2_name%0AWHERE%0A%20%20%7B%20?c1%20%20%20a%20%20%20%20%20%20%20%20%20%20%20%20%20%20%20%20%20%20%20%20%20mission:Component%20%3B%0A%20%20%20%20%20%20%20%20%20%20base:hasCanonicalName%20%20?c1_name%20%3B%0A%20%20%20%20%20%20%20%20%20%20mission:connectsTo%20%20%20%20_:b0%20.%0A%20%20%20%20_:b0%20%20base:hasCanonicalName%20%20?c2_name%0A%20%20%7D%0AORDER%20BY%20?c1_name%20?c2_name%0A
[2024-12-14 12:20:48] Fuseki     INFO  [60] Query = PREFIX  mission: <http://example.com/tutorial2/vocabulary/mission#> PREFIX  base: <http://example.com/tutorial2/vocabulary/base#>  SELECT DISTINCT  ?c1_name ?c2_name WHERE   { ?c1   a                     mission:Component ;           base:hasCanonicalName  ?c1_name ;           mission:connectsTo    _:b0 .     _:b0  base:hasCanonicalName  ?c2_name   } ORDER BY ?c1_name ?c2_name 
[2024-12-14 12:20:48] Fuseki     INFO  [61] GET http://localhost:3030/tutorial2/sparql?query=PREFIX%20%20mission:%20%3Chttp://example.com/tutorial2/vocabulary/mission%23%3E%0APREFIX%20%20base:%20%3Chttp://example.com/tutorial2/vocabulary/base%23%3E%0A%0ASELECT%20DISTINCT%20%20?o1_id%20?o1_name%20?o2_id%20?o2_name%0AWHERE%0A%20%20%7B%20?o1%20%20%20a%20%20%20%20%20%20%20%20%20%20%20%20%20%20%20%20%20%20%20%20%20mission:Objective%20%3B%0A%20%20%20%20%20%20%20%20%20%20base:hasIdentifier%20%20%20%20?o1_id%20%3B%0A%20%20%20%20%20%20%20%20%20%20base:hasCanonicalName%20%20?o1_name%20%3B%0A%20%20%20%20%20%20%20%20%20%20base:aggregates%20%20%20%20%20%20%20_:b0%20.%0A%20%20%20%20_:b0%20%20base:hasIdentifier%20%20%20%20?o2_id%20%3B%0A%20%20%20%20%20%20%20%20%20%20base:hasCanonicalName%20%20?o2_name%0A%20%20%7D%0AORDER%20BY%20?o1_id%20?o2_id%0A
[2024-12-14 12:20:48] Fuseki     INFO  [61] Query = PREFIX  mission: <http://example.com/tutorial2/vocabulary/mission#> PREFIX  base: <http://example.com/tutorial2/vocabulary/base#>  SELECT DISTINCT  ?o1_id ?o1_name ?o2_id ?o2_name WHERE   { ?o1   a                     mission:Objective ;           base:hasIdentifier    ?o1_id ;           base:hasCanonicalName  ?o1_name ;           base:aggregates       _:b0 .     _:b0  base:hasIdentifier    ?o2_id ;           base:hasCanonicalName  ?o2_name   } ORDER BY ?o1_id ?o2_id 
[2024-12-14 12:20:48] Fuseki     INFO  [58] 200 OK (11 ms)
[2024-12-14 12:20:48] Fuseki     INFO  [60] 200 OK (9 ms)
[2024-12-14 12:20:48] Fuseki     INFO  [61] 200 OK (11 ms)
[2024-12-14 12:20:48] Fuseki     INFO  [57] 200 OK (23 ms)
[2024-12-14 12:20:48] Fuseki     INFO  [59] 200 OK (31 ms)
[2024-12-14 12:26:24] Fuseki     INFO  [62] GET http://localhost:3030/tutorial2/sparql?query=select%20?g%20%7B%20graph%20?g%20%7B%20?o%20a%20%3Chttp://www.w3.org/2002/07/owl%23Ontology%3E%20%7D%20%7D
[2024-12-14 12:26:24] Fuseki     INFO  [62] Query = select ?g { graph ?g { ?o a <http://www.w3.org/2002/07/owl#Ontology> } }
[2024-12-14 12:26:24] Fuseki     INFO  [62] 200 OK (5 ms)
[2024-12-14 12:26:24] Fuseki     INFO  [63] PUT http://localhost:3030/tutorial2?graph=http://example.com/tutorial2/description/bundle/properties
[2024-12-14 12:26:24] Fuseki     INFO  [64] PUT http://localhost:3030/tutorial2?graph=http://example.com/tutorial2/description/bundle/individuals
[2024-12-14 12:26:24] Fuseki     INFO  [65] PUT http://localhost:3030/tutorial2?graph=http://example.com/tutorial2/description/bundle/classes
[2024-12-14 12:26:24] Fuseki     INFO  [63] Body: Content-Length=19853, Content-Type=text/turtle, Charset=null => Turtle : Count=259 Triples=259 Quads=0
[2024-12-14 12:26:24] Fuseki     INFO  [63] 200 OK (44 ms)
[2024-12-14 12:26:24] Fuseki     INFO  [64] Body: Content-Length=77864, Content-Type=text/turtle, Charset=null => Turtle : Count=925 Triples=925 Quads=0
[2024-12-14 12:26:24] Fuseki     INFO  [64] 200 OK (104 ms)
[2024-12-14 12:26:24] Fuseki     INFO  [65] Body: Content-Length=25620, Content-Type=text/turtle, Charset=null => Turtle : Count=371 Triples=371 Quads=0
[2024-12-14 12:26:24] Fuseki     INFO  [65] 200 OK (122 ms)
[2024-12-14 12:26:24] Fuseki     INFO  [67] GET http://localhost:3030/tutorial2/sparql?query=PREFIX%20%20mission:%20%3Chttp://example.com/tutorial2/vocabulary/mission%23%3E%0APREFIX%20%20base:%20%3Chttp://example.com/tutorial2/vocabulary/base%23%3E%0A%0ASELECT%20DISTINCT%20%20?m_id%20?m_name%20?o_id%20?o_name%0AWHERE%0A%20%20%7B%20?m%20%20%20%20a%20%20%20%20%20%20%20%20%20%20%20%20%20%20%20%20%20%20%20%20%20mission:Mission%20%3B%0A%20%20%20%20%20%20%20%20%20%20base:hasIdentifier%20%20%20%20?m_id%20%3B%0A%20%20%20%20%20%20%20%20%20%20base:hasCanonicalName%20%20?m_name%20%3B%0A%20%20%20%20%20%20%20%20%20%20mission:pursues%20%20%20%20%20%20%20_:b0%20.%0A%20%20%20%20_:b0%20%20a%20%20%20%20%20%20%20%20%20%20%20%20%20%20%20%20%20%20%20%20%20mission:Objective%20%3B%0A%20%20%20%20%20%20%20%20%20%20base:hasIdentifier%20%20%20%20?o_id%20%3B%0A%20%20%20%20%20%20%20%20%20%20base:hasCanonicalName%20%20?o_name%0A%20%20%7D%0AORDER%20BY%20?m_id%20?o_id%0A
[2024-12-14 12:26:24] Fuseki     INFO  [68] GET http://localhost:3030/tutorial2/sparql?query=PREFIX%20%20vim4:%20%3Chttp://bipm.org/jcgm/vim4%23%3E%0APREFIX%20%20mission:%20%3Chttp://example.com/tutorial2/vocabulary/mission%23%3E%0APREFIX%20%20base:%20%3Chttp://example.com/tutorial2/vocabulary/base%23%3E%0A%0ASELECT%20DISTINCT%20%20?c1_id%20?c1_name%20?c1_mass%20?c2_id%20?c2_name%0AWHERE%0A%20%20%7B%20?c1%20%20a%20%20%20%20%20%20%20%20%20%20%20%20%20%20%20%20%20%20%20%20%20mission:Component%20%3B%0A%20%20%20%20%20%20%20%20%20base:hasIdentifier%20%20%20%20?c1_id%20%3B%0A%20%20%20%20%20%20%20%20%20base:hasCanonicalName%20%20?c1_name%0A%20%20%20%20OPTIONAL%0A%20%20%20%20%20%20%7B%20?c1%20%20base:isContainedIn%20%20%20%20?c2%20.%0A%20%20%20%20%20%20%20%20?c2%20%20base:hasIdentifier%20%20%20%20?c2_id%20%3B%0A%20%20%20%20%20%20%20%20%20%20%20%20%20base:hasCanonicalName%20%20?c2_name%0A%20%20%20%20%20%20%7D%0A%20%20%20%20OPTIONAL%0A%20%20%20%20%20%20%7B%20?c1_mass_mag%20%20vim4:characterizes%20%20?c1%20%3B%0A%20%20%20%20%20%20%20%20%20%20%20%20%20%20%20%20%20%20vim4:hasDoubleNumber%20%20?c1_mass%0A%20%20%20%20%20%20%7D%0A%20%20%7D%0AORDER%20BY%20?c1_id%20?c2_id%0A
[2024-12-14 12:26:24] Fuseki     INFO  [68] Query = PREFIX  vim4: <http://bipm.org/jcgm/vim4#> PREFIX  mission: <http://example.com/tutorial2/vocabulary/mission#> PREFIX  base: <http://example.com/tutorial2/vocabulary/base#>  SELECT DISTINCT  ?c1_id ?c1_name ?c1_mass ?c2_id ?c2_name WHERE   { ?c1  a                     mission:Component ;          base:hasIdentifier    ?c1_id ;          base:hasCanonicalName  ?c1_name     OPTIONAL       { ?c1  base:isContainedIn    ?c2 .         ?c2  base:hasIdentifier    ?c2_id ;              base:hasCanonicalName  ?c2_name       }     OPTIONAL       { ?c1_mass_mag  vim4:characterizes  ?c1 ;                   vim4:hasDoubleNumber  ?c1_mass       }   } ORDER BY ?c1_id ?c2_id 
[2024-12-14 12:26:24] Fuseki     INFO  [67] Query = PREFIX  mission: <http://example.com/tutorial2/vocabulary/mission#> PREFIX  base: <http://example.com/tutorial2/vocabulary/base#>  SELECT DISTINCT  ?m_id ?m_name ?o_id ?o_name WHERE   { ?m    a                     mission:Mission ;           base:hasIdentifier    ?m_id ;           base:hasCanonicalName  ?m_name ;           mission:pursues       _:b0 .     _:b0  a                     mission:Objective ;           base:hasIdentifier    ?o_id ;           base:hasCanonicalName  ?o_name   } ORDER BY ?m_id ?o_id 
[2024-12-14 12:26:24] Fuseki     INFO  [66] GET http://localhost:3030/tutorial2/sparql?query=PREFIX%20%20mission:%20%3Chttp://example.com/tutorial2/vocabulary/mission%23%3E%0APREFIX%20%20rdfs:%20%3Chttp://www.w3.org/2000/01/rdf-schema%23%3E%0APREFIX%20%20base:%20%3Chttp://example.com/tutorial2/vocabulary/base%23%3E%0APREFIX%20%20oml:%20%20%3Chttp://opencaesar.io/oml%23%3E%0A%0ASELECT%20DISTINCT%20%20?r_id%20?c_name%20?i_name%0AWHERE%0A%20%20%7B%20?r%20%20%20%20a%20%20%20%20%20%20%20%20%20%20%20%20%20%20%20%20%20%20%20%20%20mission:Requirement%20%3B%0A%20%20%20%20%20%20%20%20%20%20base:hasIdentifier%20%20%20%20?r_id%20%3B%0A%20%20%20%20%20%20%20%20%20%20mission:specifies%20%20%20%20%20_:b0%20.%0A%20%20%20%20_:b0%20%20a%20%20%20%20%20%20%20%20%20%20%20%20%20%20%20%20%20%20%20%20%20mission:Presents%20%3B%0A%20%20%20%20%20%20%20%20%20%20oml:hasSource%20%20%20%20%20%20%20%20%20_:b1%20.%0A%20%20%20%20_:b1%20%20base:hasCanonicalName%20%20?c_name%20.%0A%20%20%20%20_:b0%20%20oml:hasTarget%20%20%20%20%20%20%20%20%20_:b2%20.%0A%20%20%20%20_:b2%20%20base:hasCanonicalName%20%20?i_name%0A%20%20%7D%0AORDER%20BY%20?r_id%20?c_name%20?i_name%0A
[2024-12-14 12:26:24] Fuseki     INFO  [66] Query = PREFIX  mission: <http://example.com/tutorial2/vocabulary/mission#> PREFIX  rdfs: <http://www.w3.org/2000/01/rdf-schema#> PREFIX  base: <http://example.com/tutorial2/vocabulary/base#> PREFIX  oml:  <http://opencaesar.io/oml#>  SELECT DISTINCT  ?r_id ?c_name ?i_name WHERE   { ?r    a                     mission:Requirement ;           base:hasIdentifier    ?r_id ;           mission:specifies     _:b0 .     _:b0  a                     mission:Presents ;           oml:hasSource         _:b1 .     _:b1  base:hasCanonicalName  ?c_name .     _:b0  oml:hasTarget         _:b2 .     _:b2  base:hasCanonicalName  ?i_name   } ORDER BY ?r_id ?c_name ?i_name 
[2024-12-14 12:26:24] Fuseki     INFO  [66] 200 OK (8 ms)
[2024-12-14 12:26:24] Fuseki     INFO  [67] 200 OK (9 ms)
[2024-12-14 12:26:24] Fuseki     INFO  [69] GET http://localhost:3030/tutorial2/sparql?query=PREFIX%20%20mission:%20%3Chttp://example.com/tutorial2/vocabulary/mission%23%3E%0APREFIX%20%20base:%20%3Chttp://example.com/tutorial2/vocabulary/base%23%3E%0A%0ASELECT%20DISTINCT%20%20?o1_id%20?o1_name%20?o2_id%20?o2_name%0AWHERE%0A%20%20%7B%20?o1%20%20%20a%20%20%20%20%20%20%20%20%20%20%20%20%20%20%20%20%20%20%20%20%20mission:Objective%20%3B%0A%20%20%20%20%20%20%20%20%20%20base:hasIdentifier%20%20%20%20?o1_id%20%3B%0A%20%20%20%20%20%20%20%20%20%20base:hasCanonicalName%20%20?o1_name%20%3B%0A%20%20%20%20%20%20%20%20%20%20base:aggregates%20%20%20%20%20%20%20_:b0%20.%0A%20%20%20%20_:b0%20%20base:hasIdentifier%20%20%20%20?o2_id%20%3B%0A%20%20%20%20%20%20%20%20%20%20base:hasCanonicalName%20%20?o2_name%0A%20%20%7D%0AORDER%20BY%20?o1_id%20?o2_id%0A
[2024-12-14 12:26:24] Fuseki     INFO  [69] Query = PREFIX  mission: <http://example.com/tutorial2/vocabulary/mission#> PREFIX  base: <http://example.com/tutorial2/vocabulary/base#>  SELECT DISTINCT  ?o1_id ?o1_name ?o2_id ?o2_name WHERE   { ?o1   a                     mission:Objective ;           base:hasIdentifier    ?o1_id ;           base:hasCanonicalName  ?o1_name ;           base:aggregates       _:b0 .     _:b0  base:hasIdentifier    ?o2_id ;           base:hasCanonicalName  ?o2_name   } ORDER BY ?o1_id ?o2_id 
[2024-12-14 12:26:24] Fuseki     INFO  [70] GET http://localhost:3030/tutorial2/sparql?query=PREFIX%20%20mission:%20%3Chttp://example.com/tutorial2/vocabulary/mission%23%3E%0APREFIX%20%20base:%20%3Chttp://example.com/tutorial2/vocabulary/base%23%3E%0A%0ASELECT%20DISTINCT%20%20?c1_name%20?c2_name%0AWHERE%0A%20%20%7B%20?c1%20%20%20a%20%20%20%20%20%20%20%20%20%20%20%20%20%20%20%20%20%20%20%20%20mission:Component%20%3B%0A%20%20%20%20%20%20%20%20%20%20base:hasCanonicalName%20%20?c1_name%20%3B%0A%20%20%20%20%20%20%20%20%20%20mission:connectsTo%20%20%20%20_:b0%20.%0A%20%20%20%20_:b0%20%20base:hasCanonicalName%20%20?c2_name%0A%20%20%7D%0AORDER%20BY%20?c1_name%20?c2_name%0A
[2024-12-14 12:26:24] Fuseki     INFO  [70] Query = PREFIX  mission: <http://example.com/tutorial2/vocabulary/mission#> PREFIX  base: <http://example.com/tutorial2/vocabulary/base#>  SELECT DISTINCT  ?c1_name ?c2_name WHERE   { ?c1   a                     mission:Component ;           base:hasCanonicalName  ?c1_name ;           mission:connectsTo    _:b0 .     _:b0  base:hasCanonicalName  ?c2_name   } ORDER BY ?c1_name ?c2_name 
[2024-12-14 12:26:24] Fuseki     INFO  [69] 200 OK (8 ms)
[2024-12-14 12:26:24] Fuseki     INFO  [70] 200 OK (6 ms)
[2024-12-14 12:26:24] Fuseki     INFO  [68] 200 OK (30 ms)
[2024-12-15 11:39:37] Fuseki     INFO  [71] GET http://localhost:3030/tutorial2/sparql?query=select%20?g%20%7B%20graph%20?g%20%7B%20?o%20a%20%3Chttp://www.w3.org/2002/07/owl%23Ontology%3E%20%7D%20%7D
[2024-12-15 11:39:37] Fuseki     INFO  [71] Query = select ?g { graph ?g { ?o a <http://www.w3.org/2002/07/owl#Ontology> } }
[2024-12-15 11:39:37] Fuseki     INFO  [71] 200 OK (85 ms)
[2024-12-15 11:39:38] Fuseki     INFO  [72] PUT http://localhost:3030/tutorial2?graph=http://iso.org/iso-80000-4.1
[2024-12-15 11:39:38] Fuseki     INFO  [73] PUT http://localhost:3030/tutorial2?graph=http://example.com/tutorial2/description/objectives
[2024-12-15 11:39:38] Fuseki     INFO  [75] PUT http://localhost:3030/tutorial2?graph=http://example.com/tutorial2/description/bundle/individuals
[2024-12-15 11:39:38] Fuseki     INFO  [76] PUT http://localhost:3030/tutorial2?graph=http://example.com/tutorial2/description/junctions
[2024-12-15 11:39:38] Fuseki     INFO  [74] PUT http://localhost:3030/tutorial2?graph=http://example.com/tutorial2/vocabulary/mission
[2024-12-15 11:39:38] Fuseki     INFO  [78] PUT http://localhost:3030/tutorial2?graph=http://example.com/tutorial2/description/masses
[2024-12-15 11:39:38] Fuseki     INFO  [77] PUT http://localhost:3030/tutorial2?graph=http://example.com/tutorial2/description/components
[2024-12-15 11:39:38] Fuseki     INFO  [79] PUT http://localhost:3030/tutorial2?graph=http://example.com/tutorial2/description/requirements
[2024-12-15 11:39:38] Fuseki     INFO  [80] PUT http://localhost:3030/tutorial2?graph=http://example.com/tutorial2/description/bundle/classes
[2024-12-15 11:39:38] Fuseki     INFO  [81] PUT http://localhost:3030/tutorial2?graph=http://example.com/tutorial2/vocabulary/base
[2024-12-15 11:39:38] Fuseki     INFO  [82] PUT http://localhost:3030/tutorial2?graph=http://iso.org/iso-80000-1
[2024-12-15 11:39:38] Fuseki     INFO  [83] PUT http://localhost:3030/tutorial2?graph=http://iso.org/iso-1087-1
[2024-12-15 11:39:38] Fuseki     INFO  [84] PUT http://localhost:3030/tutorial2?graph=http://example.com/tutorial2/description/interfaces
[2024-12-15 11:39:38] Fuseki     INFO  [86] PUT http://localhost:3030/tutorial2?graph=http://example.com/tutorial2/vocabulary/mechanical
[2024-12-15 11:39:38] Fuseki     INFO  [85] PUT http://localhost:3030/tutorial2?graph=http://bipm.org/jcgm/vim4
[2024-12-15 11:39:38] Fuseki     INFO  [87] PUT http://localhost:3030/tutorial2?graph=http://purl.org/dc/elements/1.1
[2024-12-15 11:39:38] Fuseki     INFO  [88] PUT http://localhost:3030/tutorial2?graph=http://example.com/tutorial2/description/bundle/properties
[2024-12-15 11:39:38] Fuseki     INFO  [89] PUT http://localhost:3030/tutorial2?graph=http://example.com/tutorial2/vocabulary/bundle
[2024-12-15 11:39:38] Fuseki     INFO  [72] Body: Content-Length=6321, Content-Type=application/rdf+xml, Charset=null => RDF/XML : Count=49 Triples=49 Quads=0
[2024-12-15 11:39:38] Fuseki     INFO  [72] 200 OK (86 ms)
[2024-12-15 11:39:38] Fuseki     INFO  [73] Body: Content-Length=7249, Content-Type=application/rdf+xml, Charset=null => RDF/XML : Count=50 Triples=50 Quads=0
[2024-12-15 11:39:38] Fuseki     INFO  [73] 200 OK (120 ms)
[2024-12-15 11:39:38] Fuseki     INFO  [75] Body: Content-Length=77864, Content-Type=text/turtle, Charset=null => Turtle : Count=925 Triples=925 Quads=0
[2024-12-15 11:39:38] Fuseki     INFO  [75] 200 OK (271 ms)
[2024-12-15 11:39:38] Fuseki     INFO  [90] PUT http://localhost:3030/tutorial2?graph=http://example.com/tutorial2/description/missions
[2024-12-15 11:39:38] Fuseki     INFO  [76] Body: Content-Length=4412, Content-Type=application/rdf+xml, Charset=null => RDF/XML : Count=25 Triples=25 Quads=0
[2024-12-15 11:39:38] Fuseki     INFO  [76] 200 OK (310 ms)
[2024-12-15 11:39:38] Fuseki     INFO  [91] PUT http://localhost:3030/tutorial2?graph=http://example.com/tutorial2/description/bundle
[2024-12-15 11:39:38] Fuseki     INFO  [74] Body: Content-Length=41506, Content-Type=application/rdf+xml, Charset=null => RDF/XML : Count=373 Triples=373 Quads=0
[2024-12-15 11:39:38] Fuseki     INFO  [74] 200 OK (394 ms)
[2024-12-15 11:39:38] Fuseki     INFO  [78] Body: Content-Length=15625, Content-Type=application/rdf+xml, Charset=null => RDF/XML : Count=93 Triples=93 Quads=0
[2024-12-15 11:39:38] Fuseki     INFO  [78] 200 OK (430 ms)
[2024-12-15 11:39:38] Fuseki     INFO  [77] Body: Content-Length=12378, Content-Type=application/rdf+xml, Charset=null => RDF/XML : Count=98 Triples=98 Quads=0
[2024-12-15 11:39:38] Fuseki     INFO  [77] 200 OK (475 ms)
[2024-12-15 11:39:38] Fuseki     INFO  [79] Body: Content-Length=5137, Content-Type=application/rdf+xml, Charset=null => RDF/XML : Count=29 Triples=29 Quads=0
[2024-12-15 11:39:38] Fuseki     INFO  [79] 200 OK (500 ms)
[2024-12-15 11:39:38] Fuseki     INFO  [80] Body: Content-Length=25620, Content-Type=text/turtle, Charset=null => Turtle : Count=371 Triples=371 Quads=0
[2024-12-15 11:39:38] Fuseki     INFO  [80] 200 OK (608 ms)
[2024-12-15 11:39:38] Fuseki     INFO  [81] Body: Content-Length=16985, Content-Type=application/rdf+xml, Charset=null => RDF/XML : Count=139 Triples=139 Quads=0
[2024-12-15 11:39:38] Fuseki     INFO  [81] 200 OK (664 ms)
[2024-12-15 11:39:38] Fuseki     INFO  [82] Body: Content-Length=13742, Content-Type=application/rdf+xml, Charset=null => RDF/XML : Count=153 Triples=153 Quads=0
[2024-12-15 11:39:38] Fuseki     INFO  [82] 200 OK (744 ms)
[2024-12-15 11:39:38] Fuseki     INFO  [83] Body: Content-Length=8315, Content-Type=application/rdf+xml, Charset=null => RDF/XML : Count=65 Triples=65 Quads=0
[2024-12-15 11:39:38] Fuseki     INFO  [83] 200 OK (787 ms)
[2024-12-15 11:39:38] Fuseki     INFO  [84] Body: Content-Length=7633, Content-Type=application/rdf+xml, Charset=null => RDF/XML : Count=51 Triples=51 Quads=0
[2024-12-15 11:39:38] Fuseki     INFO  [84] 200 OK (798 ms)
[2024-12-15 11:39:38] Fuseki     INFO  [86] Body: Content-Length=3448, Content-Type=application/rdf+xml, Charset=null => RDF/XML : Count=28 Triples=28 Quads=0
[2024-12-15 11:39:38] Fuseki     INFO  [86] 200 OK (810 ms)
[2024-12-15 11:39:39] Fuseki     INFO  [85] Body: Content-Length=190820, Content-Type=application/rdf+xml, Charset=null => RDF/XML : Count=1834 Triples=1834 Quads=0
[2024-12-15 11:39:39] Fuseki     INFO  [85] 200 OK (1.432 s)
[2024-12-15 11:39:39] Fuseki     INFO  [87] Body: Content-Length=4083, Content-Type=application/rdf+xml, Charset=null => RDF/XML : Count=27 Triples=27 Quads=0
[2024-12-15 11:39:39] Fuseki     INFO  [87] 200 OK (1.472 s)
[2024-12-15 11:39:39] Fuseki     INFO  [88] Body: Content-Length=19853, Content-Type=text/turtle, Charset=null => Turtle : Count=259 Triples=259 Quads=0
[2024-12-15 11:39:39] Fuseki     INFO  [88] 200 OK (1.504 s)
[2024-12-15 11:39:39] Fuseki     INFO  [89] Body: Content-Length=27503, Content-Type=application/rdf+xml, Charset=null => RDF/XML : Count=244 Triples=244 Quads=0
[2024-12-15 11:39:39] Fuseki     INFO  [89] 200 OK (1.531 s)
[2024-12-15 11:39:39] Fuseki     INFO  [90] Body: Content-Length=5432, Content-Type=application/rdf+xml, Charset=null => RDF/XML : Count=35 Triples=35 Quads=0
[2024-12-15 11:39:39] Fuseki     INFO  [90] 200 OK (1.323 s)
[2024-12-15 11:39:39] Fuseki     INFO  [91] Body: Content-Length=1771, Content-Type=application/rdf+xml, Charset=null => RDF/XML : Count=12 Triples=12 Quads=0
[2024-12-15 11:39:39] Fuseki     INFO  [91] 200 OK (1.299 s)
[2024-12-15 11:39:39] Fuseki     INFO  [92] GET http://localhost:3030/tutorial2/sparql?query=PREFIX%20%20mission:%20%3Chttp://example.com/tutorial2/vocabulary/mission%23%3E%0APREFIX%20%20base:%20%3Chttp://example.com/tutorial2/vocabulary/base%23%3E%0A%0ASELECT%20DISTINCT%20%20?m_id%20?m_name%20?o_id%20?o_name%0AWHERE%0A%20%20%7B%20?m%20%20%20%20a%20%20%20%20%20%20%20%20%20%20%20%20%20%20%20%20%20%20%20%20%20mission:Mission%20%3B%0A%20%20%20%20%20%20%20%20%20%20base:hasIdentifier%20%20%20%20?m_id%20%3B%0A%20%20%20%20%20%20%20%20%20%20base:hasCanonicalName%20%20?m_name%20%3B%0A%20%20%20%20%20%20%20%20%20%20mission:pursues%20%20%20%20%20%20%20_:b0%20.%0A%20%20%20%20_:b0%20%20a%20%20%20%20%20%20%20%20%20%20%20%20%20%20%20%20%20%20%20%20%20mission:Objective%20%3B%0A%20%20%20%20%20%20%20%20%20%20base:hasIdentifier%20%20%20%20?o_id%20%3B%0A%20%20%20%20%20%20%20%20%20%20base:hasCanonicalName%20%20?o_name%0A%20%20%7D%0AORDER%20BY%20?m_id%20?o_id%0A
[2024-12-15 11:39:39] Fuseki     INFO  [92] Query = PREFIX  mission: <http://example.com/tutorial2/vocabulary/mission#> PREFIX  base: <http://example.com/tutorial2/vocabulary/base#>  SELECT DISTINCT  ?m_id ?m_name ?o_id ?o_name WHERE   { ?m    a                     mission:Mission ;           base:hasIdentifier    ?m_id ;           base:hasCanonicalName  ?m_name ;           mission:pursues       _:b0 .     _:b0  a                     mission:Objective ;           base:hasIdentifier    ?o_id ;           base:hasCanonicalName  ?o_name   } ORDER BY ?m_id ?o_id 
[2024-12-15 11:39:39] Fuseki     INFO  [93] GET http://localhost:3030/tutorial2/sparql?query=PREFIX%20%20mission:%20%3Chttp://example.com/tutorial2/vocabulary/mission%23%3E%0APREFIX%20%20rdfs:%20%3Chttp://www.w3.org/2000/01/rdf-schema%23%3E%0APREFIX%20%20base:%20%3Chttp://example.com/tutorial2/vocabulary/base%23%3E%0APREFIX%20%20oml:%20%20%3Chttp://opencaesar.io/oml%23%3E%0A%0ASELECT%20DISTINCT%20%20?r_id%20?c_name%20?i_name%0AWHERE%0A%20%20%7B%20?r%20%20%20%20a%20%20%20%20%20%20%20%20%20%20%20%20%20%20%20%20%20%20%20%20%20mission:Requirement%20%3B%0A%20%20%20%20%20%20%20%20%20%20base:hasIdentifier%20%20%20%20?r_id%20%3B%0A%20%20%20%20%20%20%20%20%20%20mission:specifies%20%20%20%20%20_:b0%20.%0A%20%20%20%20_:b0%20%20a%20%20%20%20%20%20%20%20%20%20%20%20%20%20%20%20%20%20%20%20%20mission:Presents%20%3B%0A%20%20%20%20%20%20%20%20%20%20oml:hasSource%20%20%20%20%20%20%20%20%20_:b1%20.%0A%20%20%20%20_:b1%20%20base:hasCanonicalName%20%20?c_name%20.%0A%20%20%20%20_:b0%20%20oml:hasTarget%20%20%20%20%20%20%20%20%20_:b2%20.%0A%20%20%20%20_:b2%20%20base:hasCanonicalName%20%20?i_name%0A%20%20%7D%0AORDER%20BY%20?r_id%20?c_name%20?i_name%0A
[2024-12-15 11:39:39] Fuseki     INFO  [93] Query = PREFIX  mission: <http://example.com/tutorial2/vocabulary/mission#> PREFIX  rdfs: <http://www.w3.org/2000/01/rdf-schema#> PREFIX  base: <http://example.com/tutorial2/vocabulary/base#> PREFIX  oml:  <http://opencaesar.io/oml#>  SELECT DISTINCT  ?r_id ?c_name ?i_name WHERE   { ?r    a                     mission:Requirement ;           base:hasIdentifier    ?r_id ;           mission:specifies     _:b0 .     _:b0  a                     mission:Presents ;           oml:hasSource         _:b1 .     _:b1  base:hasCanonicalName  ?c_name .     _:b0  oml:hasTarget         _:b2 .     _:b2  base:hasCanonicalName  ?i_name   } ORDER BY ?r_id ?c_name ?i_name 
[2024-12-15 11:39:39] Fuseki     INFO  [94] GET http://localhost:3030/tutorial2/sparql?query=PREFIX%20%20mission:%20%3Chttp://example.com/tutorial2/vocabulary/mission%23%3E%0APREFIX%20%20base:%20%3Chttp://example.com/tutorial2/vocabulary/base%23%3E%0A%0ASELECT%20DISTINCT%20%20?c1_name%20?c2_name%0AWHERE%0A%20%20%7B%20?c1%20%20%20a%20%20%20%20%20%20%20%20%20%20%20%20%20%20%20%20%20%20%20%20%20mission:Component%20%3B%0A%20%20%20%20%20%20%20%20%20%20base:hasCanonicalName%20%20?c1_name%20%3B%0A%20%20%20%20%20%20%20%20%20%20mission:connectsTo%20%20%20%20_:b0%20.%0A%20%20%20%20_:b0%20%20base:hasCanonicalName%20%20?c2_name%0A%20%20%7D%0AORDER%20BY%20?c1_name%20?c2_name%0A
[2024-12-15 11:39:39] Fuseki     INFO  [94] Query = PREFIX  mission: <http://example.com/tutorial2/vocabulary/mission#> PREFIX  base: <http://example.com/tutorial2/vocabulary/base#>  SELECT DISTINCT  ?c1_name ?c2_name WHERE   { ?c1   a                     mission:Component ;           base:hasCanonicalName  ?c1_name ;           mission:connectsTo    _:b0 .     _:b0  base:hasCanonicalName  ?c2_name   } ORDER BY ?c1_name ?c2_name 
[2024-12-15 11:39:39] Fuseki     INFO  [95] GET http://localhost:3030/tutorial2/sparql?query=PREFIX%20%20vim4:%20%3Chttp://bipm.org/jcgm/vim4%23%3E%0APREFIX%20%20mission:%20%3Chttp://example.com/tutorial2/vocabulary/mission%23%3E%0APREFIX%20%20base:%20%3Chttp://example.com/tutorial2/vocabulary/base%23%3E%0A%0ASELECT%20DISTINCT%20%20?c1_id%20?c1_name%20?c1_mass%20?c2_id%20?c2_name%0AWHERE%0A%20%20%7B%20?c1%20%20a%20%20%20%20%20%20%20%20%20%20%20%20%20%20%20%20%20%20%20%20%20mission:Component%20%3B%0A%20%20%20%20%20%20%20%20%20base:hasIdentifier%20%20%20%20?c1_id%20%3B%0A%20%20%20%20%20%20%20%20%20base:hasCanonicalName%20%20?c1_name%0A%20%20%20%20OPTIONAL%0A%20%20%20%20%20%20%7B%20?c1%20%20base:isContainedIn%20%20%20%20?c2%20.%0A%20%20%20%20%20%20%20%20?c2%20%20base:hasIdentifier%20%20%20%20?c2_id%20%3B%0A%20%20%20%20%20%20%20%20%20%20%20%20%20base:hasCanonicalName%20%20?c2_name%0A%20%20%20%20%20%20%7D%0A%20%20%20%20OPTIONAL%0A%20%20%20%20%20%20%7B%20?c1_mass_mag%20%20vim4:characterizes%20%20?c1%20%3B%0A%20%20%20%20%20%20%20%20%20%20%20%20%20%20%20%20%20%20vim4:hasDoubleNumber%20%20?c1_mass%0A%20%20%20%20%20%20%7D%0A%20%20%7D%0AORDER%20BY%20?c1_id%20?c2_id%0A
[2024-12-15 11:39:39] Fuseki     INFO  [95] Query = PREFIX  vim4: <http://bipm.org/jcgm/vim4#> PREFIX  mission: <http://example.com/tutorial2/vocabulary/mission#> PREFIX  base: <http://example.com/tutorial2/vocabulary/base#>  SELECT DISTINCT  ?c1_id ?c1_name ?c1_mass ?c2_id ?c2_name WHERE   { ?c1  a                     mission:Component ;          base:hasIdentifier    ?c1_id ;          base:hasCanonicalName  ?c1_name     OPTIONAL       { ?c1  base:isContainedIn    ?c2 .         ?c2  base:hasIdentifier    ?c2_id ;              base:hasCanonicalName  ?c2_name       }     OPTIONAL       { ?c1_mass_mag  vim4:characterizes  ?c1 ;                   vim4:hasDoubleNumber  ?c1_mass       }   } ORDER BY ?c1_id ?c2_id 
[2024-12-15 11:39:39] Fuseki     INFO  [96] GET http://localhost:3030/tutorial2/sparql?query=PREFIX%20%20mission:%20%3Chttp://example.com/tutorial2/vocabulary/mission%23%3E%0APREFIX%20%20base:%20%3Chttp://example.com/tutorial2/vocabulary/base%23%3E%0A%0ASELECT%20DISTINCT%20%20?o1_id%20?o1_name%20?o2_id%20?o2_name%0AWHERE%0A%20%20%7B%20?o1%20%20%20a%20%20%20%20%20%20%20%20%20%20%20%20%20%20%20%20%20%20%20%20%20mission:Objective%20%3B%0A%20%20%20%20%20%20%20%20%20%20base:hasIdentifier%20%20%20%20?o1_id%20%3B%0A%20%20%20%20%20%20%20%20%20%20base:hasCanonicalName%20%20?o1_name%20%3B%0A%20%20%20%20%20%20%20%20%20%20base:aggregates%20%20%20%20%20%20%20_:b0%20.%0A%20%20%20%20_:b0%20%20base:hasIdentifier%20%20%20%20?o2_id%20%3B%0A%20%20%20%20%20%20%20%20%20%20base:hasCanonicalName%20%20?o2_name%0A%20%20%7D%0AORDER%20BY%20?o1_id%20?o2_id%0A
[2024-12-15 11:39:39] Fuseki     INFO  [96] Query = PREFIX  mission: <http://example.com/tutorial2/vocabulary/mission#> PREFIX  base: <http://example.com/tutorial2/vocabulary/base#>  SELECT DISTINCT  ?o1_id ?o1_name ?o2_id ?o2_name WHERE   { ?o1   a                     mission:Objective ;           base:hasIdentifier    ?o1_id ;           base:hasCanonicalName  ?o1_name ;           base:aggregates       _:b0 .     _:b0  base:hasIdentifier    ?o2_id ;           base:hasCanonicalName  ?o2_name   } ORDER BY ?o1_id ?o2_id 
[2024-12-15 11:39:39] Fuseki     INFO  [94] 200 OK (11 ms)
[2024-12-15 11:39:39] Fuseki     INFO  [96] 200 OK (21 ms)
[2024-12-15 11:39:39] Fuseki     INFO  [93] 200 OK (29 ms)
[2024-12-15 11:39:39] Fuseki     INFO  [92] 200 OK (32 ms)
[2024-12-15 11:39:39] Fuseki     INFO  [95] 200 OK (51 ms)
[2024-12-16 09:38:25] Fuseki     INFO  [97] GET http://localhost:3030/tutorial2/sparql?query=select%20?g%20%7B%20graph%20?g%20%7B%20?o%20a%20%3Chttp://www.w3.org/2002/07/owl%23Ontology%3E%20%7D%20%7D
[2024-12-16 09:38:25] Fuseki     INFO  [97] Query = select ?g { graph ?g { ?o a <http://www.w3.org/2002/07/owl#Ontology> } }
[2024-12-16 09:38:25] Fuseki     INFO  [97] 200 OK (80 ms)
[2024-12-16 09:38:25] Fuseki     INFO  [98] PUT http://localhost:3030/tutorial2?graph=http://example.com/tutorial2/description/junctions
[2024-12-16 09:38:25] Fuseki     INFO  [100] PUT http://localhost:3030/tutorial2?graph=http://example.com/tutorial2/description/bundle/individuals
[2024-12-16 09:38:25] Fuseki     INFO  [99] PUT http://localhost:3030/tutorial2?graph=http://example.com/tutorial2/description/masses
[2024-12-16 09:38:25] Fuseki     INFO  [101] PUT http://localhost:3030/tutorial2?graph=http://iso.org/iso-1087-1
[2024-12-16 09:38:25] Fuseki     INFO  [102] PUT http://localhost:3030/tutorial2?graph=http://iso.org/iso-80000-4.1
[2024-12-16 09:38:25] Fuseki     INFO  [103] PUT http://localhost:3030/tutorial2?graph=http://purl.org/dc/elements/1.1
[2024-12-16 09:38:25] Fuseki     INFO  [104] PUT http://localhost:3030/tutorial2?graph=http://example.com/tutorial2/description/components
[2024-12-16 09:38:25] Fuseki     INFO  [105] PUT http://localhost:3030/tutorial2?graph=http://iso.org/iso-80000-1
[2024-12-16 09:38:25] Fuseki     INFO  [106] PUT http://localhost:3030/tutorial2?graph=http://example.com/tutorial2/description/requirements
[2024-12-16 09:38:25] Fuseki     INFO  [107] PUT http://localhost:3030/tutorial2?graph=http://example.com/tutorial2/description/interfaces
[2024-12-16 09:38:25] Fuseki     INFO  [108] PUT http://localhost:3030/tutorial2?graph=http://example.com/tutorial2/description/bundle/properties
[2024-12-16 09:38:25] Fuseki     INFO  [109] PUT http://localhost:3030/tutorial2?graph=http://example.com/tutorial2/description/bundle/classes
[2024-12-16 09:38:25] Fuseki     INFO  [110] PUT http://localhost:3030/tutorial2?graph=http://example.com/tutorial2/description/bundle
[2024-12-16 09:38:25] Fuseki     INFO  [111] PUT http://localhost:3030/tutorial2?graph=http://example.com/tutorial2/vocabulary/bundle
[2024-12-16 09:38:25] Fuseki     INFO  [112] PUT http://localhost:3030/tutorial2?graph=http://example.com/tutorial2/vocabulary/mechanical
[2024-12-16 09:38:25] Fuseki     INFO  [113] PUT http://localhost:3030/tutorial2?graph=http://bipm.org/jcgm/vim4
[2024-12-16 09:38:25] Fuseki     INFO  [114] PUT http://localhost:3030/tutorial2?graph=http://example.com/tutorial2/vocabulary/base
[2024-12-16 09:38:25] Fuseki     INFO  [98] Body: Content-Length=4412, Content-Type=application/rdf+xml, Charset=null => RDF/XML : Count=25 Triples=25 Quads=0
[2024-12-16 09:38:25] Fuseki     INFO  [98] 200 OK (89 ms)
[2024-12-16 09:38:26] Fuseki     INFO  [100] Body: Content-Length=77864, Content-Type=text/turtle, Charset=null => Turtle : Count=925 Triples=925 Quads=0
[2024-12-16 09:38:26] Fuseki     INFO  [100] 200 OK (248 ms)
[2024-12-16 09:38:26] Fuseki     INFO  [115] PUT http://localhost:3030/tutorial2?graph=http://example.com/tutorial2/description/missions
[2024-12-16 09:38:26] Fuseki     INFO  [99] Body: Content-Length=15625, Content-Type=application/rdf+xml, Charset=null => RDF/XML : Count=93 Triples=93 Quads=0
[2024-12-16 09:38:26] Fuseki     INFO  [99] 200 OK (286 ms)
[2024-12-16 09:38:26] Fuseki     INFO  [116] PUT http://localhost:3030/tutorial2?graph=http://example.com/tutorial2/description/objectives
[2024-12-16 09:38:26] Fuseki     INFO  [101] Body: Content-Length=8315, Content-Type=application/rdf+xml, Charset=null => RDF/XML : Count=65 Triples=65 Quads=0
[2024-12-16 09:38:26] Fuseki     INFO  [101] 200 OK (328 ms)
[2024-12-16 09:38:26] Fuseki     INFO  [117] PUT http://localhost:3030/tutorial2?graph=http://example.com/tutorial2/vocabulary/mission
[2024-12-16 09:38:26] Fuseki     INFO  [102] Body: Content-Length=6321, Content-Type=application/rdf+xml, Charset=null => RDF/XML : Count=49 Triples=49 Quads=0
[2024-12-16 09:38:26] Fuseki     INFO  [102] 200 OK (353 ms)
[2024-12-16 09:38:26] Fuseki     INFO  [103] Body: Content-Length=4083, Content-Type=application/rdf+xml, Charset=null => RDF/XML : Count=27 Triples=27 Quads=0
[2024-12-16 09:38:26] Fuseki     INFO  [103] 200 OK (372 ms)
[2024-12-16 09:38:26] Fuseki     INFO  [104] Body: Content-Length=12378, Content-Type=application/rdf+xml, Charset=null => RDF/XML : Count=98 Triples=98 Quads=0
[2024-12-16 09:38:26] Fuseki     INFO  [104] 200 OK (417 ms)
[2024-12-16 09:38:26] Fuseki     INFO  [105] Body: Content-Length=13742, Content-Type=application/rdf+xml, Charset=null => RDF/XML : Count=153 Triples=153 Quads=0
[2024-12-16 09:38:26] Fuseki     INFO  [105] 200 OK (470 ms)
[2024-12-16 09:38:26] Fuseki     INFO  [106] Body: Content-Length=5137, Content-Type=application/rdf+xml, Charset=null => RDF/XML : Count=29 Triples=29 Quads=0
[2024-12-16 09:38:26] Fuseki     INFO  [106] 200 OK (495 ms)
[2024-12-16 09:38:26] Fuseki     INFO  [107] Body: Content-Length=7633, Content-Type=application/rdf+xml, Charset=null => RDF/XML : Count=51 Triples=51 Quads=0
[2024-12-16 09:38:26] Fuseki     INFO  [107] 200 OK (513 ms)
[2024-12-16 09:38:26] Fuseki     INFO  [108] Body: Content-Length=19853, Content-Type=text/turtle, Charset=null => Turtle : Count=259 Triples=259 Quads=0
[2024-12-16 09:38:26] Fuseki     INFO  [108] 200 OK (610 ms)
[2024-12-16 09:38:26] Fuseki     INFO  [109] Body: Content-Length=25620, Content-Type=text/turtle, Charset=null => Turtle : Count=371 Triples=371 Quads=0
[2024-12-16 09:38:26] Fuseki     INFO  [109] 200 OK (654 ms)
[2024-12-16 09:38:26] Fuseki     INFO  [110] Body: Content-Length=1771, Content-Type=application/rdf+xml, Charset=null => RDF/XML : Count=12 Triples=12 Quads=0
[2024-12-16 09:38:26] Fuseki     INFO  [110] 200 OK (672 ms)
[2024-12-16 09:38:26] Fuseki     INFO  [111] Body: Content-Length=27589, Content-Type=application/rdf+xml, Charset=null => RDF/XML : Count=245 Triples=245 Quads=0
[2024-12-16 09:38:26] Fuseki     INFO  [111] 200 OK (707 ms)
[2024-12-16 09:38:26] Fuseki     INFO  [112] Body: Content-Length=3448, Content-Type=application/rdf+xml, Charset=null => RDF/XML : Count=28 Triples=28 Quads=0
[2024-12-16 09:38:26] Fuseki     INFO  [112] 200 OK (720 ms)
[2024-12-16 09:38:26] Fuseki     INFO  [113] Body: Content-Length=190820, Content-Type=application/rdf+xml, Charset=null => RDF/XML : Count=1834 Triples=1834 Quads=0
[2024-12-16 09:38:26] Fuseki     INFO  [113] 200 OK (937 ms)
[2024-12-16 09:38:26] Fuseki     INFO  [114] Body: Content-Length=16985, Content-Type=application/rdf+xml, Charset=null => RDF/XML : Count=139 Triples=139 Quads=0
[2024-12-16 09:38:26] Fuseki     INFO  [114] 200 OK (949 ms)
[2024-12-16 09:38:26] Fuseki     INFO  [115] Body: Content-Length=5432, Content-Type=application/rdf+xml, Charset=null => RDF/XML : Count=35 Triples=35 Quads=0
[2024-12-16 09:38:26] Fuseki     INFO  [115] 200 OK (783 ms)
[2024-12-16 09:38:26] Fuseki     INFO  [116] Body: Content-Length=7249, Content-Type=application/rdf+xml, Charset=null => RDF/XML : Count=50 Triples=50 Quads=0
[2024-12-16 09:38:26] Fuseki     INFO  [116] 200 OK (757 ms)
[2024-12-16 09:38:26] Fuseki     INFO  [117] Body: Content-Length=41506, Content-Type=application/rdf+xml, Charset=null => RDF/XML : Count=373 Triples=373 Quads=0
[2024-12-16 09:38:26] Fuseki     INFO  [117] 200 OK (768 ms)
[2024-12-16 09:38:27] Fuseki     INFO  [119] GET http://localhost:3030/tutorial2/sparql?query=PREFIX%20%20vim4:%20%3Chttp://bipm.org/jcgm/vim4%23%3E%0APREFIX%20%20mission:%20%3Chttp://example.com/tutorial2/vocabulary/mission%23%3E%0APREFIX%20%20base:%20%3Chttp://example.com/tutorial2/vocabulary/base%23%3E%0A%0ASELECT%20DISTINCT%20%20?c1_id%20?c1_name%20?c1_mass%20?c2_id%20?c2_name%0AWHERE%0A%20%20%7B%20?c1%20%20a%20%20%20%20%20%20%20%20%20%20%20%20%20%20%20%20%20%20%20%20%20mission:Component%20%3B%0A%20%20%20%20%20%20%20%20%20base:hasIdentifier%20%20%20%20?c1_id%20%3B%0A%20%20%20%20%20%20%20%20%20base:hasCanonicalName%20%20?c1_name%0A%20%20%20%20OPTIONAL%0A%20%20%20%20%20%20%7B%20?c1%20%20base:isContainedIn%20%20%20%20?c2%20.%0A%20%20%20%20%20%20%20%20?c2%20%20base:hasIdentifier%20%20%20%20?c2_id%20%3B%0A%20%20%20%20%20%20%20%20%20%20%20%20%20base:hasCanonicalName%20%20?c2_name%0A%20%20%20%20%20%20%7D%0A%20%20%20%20OPTIONAL%0A%20%20%20%20%20%20%7B%20?c1_mass_mag%20%20vim4:characterizes%20%20?c1%20%3B%0A%20%20%20%20%20%20%20%20%20%20%20%20%20%20%20%20%20%20vim4:hasDoubleNumber%20%20?c1_mass%0A%20%20%20%20%20%20%7D%0A%20%20%7D%0AORDER%20BY%20?c1_id%20?c2_id%0A
[2024-12-16 09:38:27] Fuseki     INFO  [119] Query = PREFIX  vim4: <http://bipm.org/jcgm/vim4#> PREFIX  mission: <http://example.com/tutorial2/vocabulary/mission#> PREFIX  base: <http://example.com/tutorial2/vocabulary/base#>  SELECT DISTINCT  ?c1_id ?c1_name ?c1_mass ?c2_id ?c2_name WHERE   { ?c1  a                     mission:Component ;          base:hasIdentifier    ?c1_id ;          base:hasCanonicalName  ?c1_name     OPTIONAL       { ?c1  base:isContainedIn    ?c2 .         ?c2  base:hasIdentifier    ?c2_id ;              base:hasCanonicalName  ?c2_name       }     OPTIONAL       { ?c1_mass_mag  vim4:characterizes  ?c1 ;                   vim4:hasDoubleNumber  ?c1_mass       }   } ORDER BY ?c1_id ?c2_id 
[2024-12-16 09:38:27] Fuseki     INFO  [118] GET http://localhost:3030/tutorial2/sparql?query=PREFIX%20%20mission:%20%3Chttp://example.com/tutorial2/vocabulary/mission%23%3E%0APREFIX%20%20rdfs:%20%3Chttp://www.w3.org/2000/01/rdf-schema%23%3E%0APREFIX%20%20base:%20%3Chttp://example.com/tutorial2/vocabulary/base%23%3E%0APREFIX%20%20oml:%20%20%3Chttp://opencaesar.io/oml%23%3E%0A%0ASELECT%20DISTINCT%20%20?r_id%20?c_name%20?i_name%0AWHERE%0A%20%20%7B%20?r%20%20%20%20a%20%20%20%20%20%20%20%20%20%20%20%20%20%20%20%20%20%20%20%20%20mission:Requirement%20%3B%0A%20%20%20%20%20%20%20%20%20%20base:hasIdentifier%20%20%20%20?r_id%20%3B%0A%20%20%20%20%20%20%20%20%20%20mission:specifies%20%20%20%20%20_:b0%20.%0A%20%20%20%20_:b0%20%20a%20%20%20%20%20%20%20%20%20%20%20%20%20%20%20%20%20%20%20%20%20mission:Presents%20%3B%0A%20%20%20%20%20%20%20%20%20%20oml:hasSource%20%20%20%20%20%20%20%20%20_:b1%20.%0A%20%20%20%20_:b1%20%20base:hasCanonicalName%20%20?c_name%20.%0A%20%20%20%20_:b0%20%20oml:hasTarget%20%20%20%20%20%20%20%20%20_:b2%20.%0A%20%20%20%20_:b2%20%20base:hasCanonicalName%20%20?i_name%0A%20%20%7D%0AORDER%20BY%20?r_id%20?c_name%20?i_name%0A
[2024-12-16 09:38:27] Fuseki     INFO  [118] Query = PREFIX  mission: <http://example.com/tutorial2/vocabulary/mission#> PREFIX  rdfs: <http://www.w3.org/2000/01/rdf-schema#> PREFIX  base: <http://example.com/tutorial2/vocabulary/base#> PREFIX  oml:  <http://opencaesar.io/oml#>  SELECT DISTINCT  ?r_id ?c_name ?i_name WHERE   { ?r    a                     mission:Requirement ;           base:hasIdentifier    ?r_id ;           mission:specifies     _:b0 .     _:b0  a                     mission:Presents ;           oml:hasSource         _:b1 .     _:b1  base:hasCanonicalName  ?c_name .     _:b0  oml:hasTarget         _:b2 .     _:b2  base:hasCanonicalName  ?i_name   } ORDER BY ?r_id ?c_name ?i_name 
[2024-12-16 09:38:27] Fuseki     INFO  [120] GET http://localhost:3030/tutorial2/sparql?query=PREFIX%20%20mission:%20%3Chttp://example.com/tutorial2/vocabulary/mission%23%3E%0APREFIX%20%20base:%20%3Chttp://example.com/tutorial2/vocabulary/base%23%3E%0A%0ASELECT%20DISTINCT%20%20?m_id%20?m_name%20?o_id%20?o_name%0AWHERE%0A%20%20%7B%20?m%20%20%20%20a%20%20%20%20%20%20%20%20%20%20%20%20%20%20%20%20%20%20%20%20%20mission:Mission%20%3B%0A%20%20%20%20%20%20%20%20%20%20base:hasIdentifier%20%20%20%20?m_id%20%3B%0A%20%20%20%20%20%20%20%20%20%20base:hasCanonicalName%20%20?m_name%20%3B%0A%20%20%20%20%20%20%20%20%20%20mission:pursues%20%20%20%20%20%20%20_:b0%20.%0A%20%20%20%20_:b0%20%20a%20%20%20%20%20%20%20%20%20%20%20%20%20%20%20%20%20%20%20%20%20mission:Objective%20%3B%0A%20%20%20%20%20%20%20%20%20%20base:hasIdentifier%20%20%20%20?o_id%20%3B%0A%20%20%20%20%20%20%20%20%20%20base:hasCanonicalName%20%20?o_name%0A%20%20%7D%0AORDER%20BY%20?m_id%20?o_id%0A
[2024-12-16 09:38:27] Fuseki     INFO  [120] Query = PREFIX  mission: <http://example.com/tutorial2/vocabulary/mission#> PREFIX  base: <http://example.com/tutorial2/vocabulary/base#>  SELECT DISTINCT  ?m_id ?m_name ?o_id ?o_name WHERE   { ?m    a                     mission:Mission ;           base:hasIdentifier    ?m_id ;           base:hasCanonicalName  ?m_name ;           mission:pursues       _:b0 .     _:b0  a                     mission:Objective ;           base:hasIdentifier    ?o_id ;           base:hasCanonicalName  ?o_name   } ORDER BY ?m_id ?o_id 
[2024-12-16 09:38:27] Fuseki     INFO  [121] GET http://localhost:3030/tutorial2/sparql?query=PREFIX%20%20mission:%20%3Chttp://example.com/tutorial2/vocabulary/mission%23%3E%0APREFIX%20%20base:%20%3Chttp://example.com/tutorial2/vocabulary/base%23%3E%0A%0ASELECT%20DISTINCT%20%20?c1_name%20?c2_name%0AWHERE%0A%20%20%7B%20?c1%20%20%20a%20%20%20%20%20%20%20%20%20%20%20%20%20%20%20%20%20%20%20%20%20mission:Component%20%3B%0A%20%20%20%20%20%20%20%20%20%20base:hasCanonicalName%20%20?c1_name%20%3B%0A%20%20%20%20%20%20%20%20%20%20mission:connectsTo%20%20%20%20_:b0%20.%0A%20%20%20%20_:b0%20%20base:hasCanonicalName%20%20?c2_name%0A%20%20%7D%0AORDER%20BY%20?c1_name%20?c2_name%0A
[2024-12-16 09:38:27] Fuseki     INFO  [121] Query = PREFIX  mission: <http://example.com/tutorial2/vocabulary/mission#> PREFIX  base: <http://example.com/tutorial2/vocabulary/base#>  SELECT DISTINCT  ?c1_name ?c2_name WHERE   { ?c1   a                     mission:Component ;           base:hasCanonicalName  ?c1_name ;           mission:connectsTo    _:b0 .     _:b0  base:hasCanonicalName  ?c2_name   } ORDER BY ?c1_name ?c2_name 
[2024-12-16 09:38:27] Fuseki     INFO  [118] 200 OK (16 ms)
[2024-12-16 09:38:27] Fuseki     INFO  [122] GET http://localhost:3030/tutorial2/sparql?query=PREFIX%20%20mission:%20%3Chttp://example.com/tutorial2/vocabulary/mission%23%3E%0APREFIX%20%20base:%20%3Chttp://example.com/tutorial2/vocabulary/base%23%3E%0A%0ASELECT%20DISTINCT%20%20?o1_id%20?o1_name%20?o2_id%20?o2_name%0AWHERE%0A%20%20%7B%20?o1%20%20%20a%20%20%20%20%20%20%20%20%20%20%20%20%20%20%20%20%20%20%20%20%20mission:Objective%20%3B%0A%20%20%20%20%20%20%20%20%20%20base:hasIdentifier%20%20%20%20?o1_id%20%3B%0A%20%20%20%20%20%20%20%20%20%20base:hasCanonicalName%20%20?o1_name%20%3B%0A%20%20%20%20%20%20%20%20%20%20base:aggregates%20%20%20%20%20%20%20_:b0%20.%0A%20%20%20%20_:b0%20%20base:hasIdentifier%20%20%20%20?o2_id%20%3B%0A%20%20%20%20%20%20%20%20%20%20base:hasCanonicalName%20%20?o2_name%0A%20%20%7D%0AORDER%20BY%20?o1_id%20?o2_id%0A
[2024-12-16 09:38:27] Fuseki     INFO  [122] Query = PREFIX  mission: <http://example.com/tutorial2/vocabulary/mission#> PREFIX  base: <http://example.com/tutorial2/vocabulary/base#>  SELECT DISTINCT  ?o1_id ?o1_name ?o2_id ?o2_name WHERE   { ?o1   a                     mission:Objective ;           base:hasIdentifier    ?o1_id ;           base:hasCanonicalName  ?o1_name ;           base:aggregates       _:b0 .     _:b0  base:hasIdentifier    ?o2_id ;           base:hasCanonicalName  ?o2_name   } ORDER BY ?o1_id ?o2_id 
[2024-12-16 09:38:27] Fuseki     INFO  [120] 200 OK (16 ms)
[2024-12-16 09:38:27] Fuseki     INFO  [121] 200 OK (9 ms)
[2024-12-16 09:38:27] Fuseki     INFO  [122] 200 OK (9 ms)
[2024-12-16 09:38:27] Fuseki     INFO  [119] 200 OK (30 ms)
